# JRE version: Java(TM) SE Runtime Environment (8.0_45-b14) (build 1.8.0_45-b14)
# Java VM: Java HotSpot(TM) 64-Bit Server VM (25.45-b02 mixed mode bsd-amd64 compressed oops)
Heap:
 PSYoungGen      total 25088K, used 22965K [0x0000000795580000, 0x0000000796f00000, 0x00000007c0000000)
  eden space 24064K, 93% used [0x0000000795580000,0x0000000796b955e8,0x0000000796d00000)
  from space 1024K, 34% used [0x0000000796e00000,0x0000000796e58010,0x0000000796f00000)
  to   space 1024K, 0% used [0x0000000796d00000,0x0000000796d00000,0x0000000796e00000)
 ParOldGen       total 87552K, used 24648K [0x0000000740000000, 0x0000000745580000, 0x0000000795580000)
  object space 87552K, 28% used [0x0000000740000000,0x00000007418120e8,0x0000000745580000)
 Metaspace       used 17246K, capacity 17480K, committed 17792K, reserved 1064960K
  class space    used 1989K, capacity 2066K, committed 2176K, reserved 1048576K
GC Heap History (10 events):
Event: 59.659 GC heap before
{Heap before GC invocations=68 (full 0):
 PSYoungGen      total 25088K, used 24551K [0x0000000795580000, 0x0000000796f00000, 0x00000007c0000000)
  eden space 24064K, 100% used [0x0000000795580000,0x0000000796d00000,0x0000000796d00000)
  from space 1024K, 47% used [0x0000000796d00000,0x0000000796d79c40,0x0000000796e00000)
  to   space 1024K, 0% used [0x0000000796e00000,0x0000000796e00000,0x0000000796f00000)
 ParOldGen       total 87552K, used 22426K [0x0000000740000000, 0x0000000745580000, 0x0000000795580000)
  object space 87552K, 25% used [0x0000000740000000,0x00000007415e6a70,0x0000000745580000)
 Metaspace       used 17226K, capacity 17480K, committed 17792K, reserved 1064960K
  class space    used 1988K, capacity 2066K, committed 2176K, reserved 1048576K
Event: 59.660 GC heap after
Heap after GC invocations=68 (full 0):
 PSYoungGen      total 25088K, used 792K [0x0000000795580000, 0x0000000796f00000, 0x00000007c0000000)
  eden space 24064K, 0% used [0x0000000795580000,0x0000000795580000,0x0000000796d00000)
  from space 1024K, 77% used [0x0000000796e00000,0x0000000796ec6250,0x0000000796f00000)
  to   space 1024K, 0% used [0x0000000796d00000,0x0000000796d00000,0x0000000796e00000)
 ParOldGen       total 87552K, used 22640K [0x0000000740000000, 0x0000000745580000, 0x0000000795580000)
  object space 87552K, 25% used [0x0000000740000000,0x000000074161c110,0x0000000745580000)
 Metaspace       used 17226K, capacity 17480K, committed 17792K, reserved 1064960K
  class space    used 1988K, capacity 2066K, committed 2176K, reserved 1048576K
}
Event: 60.150 GC heap before
{Heap before GC invocations=69 (full 0):
 PSYoungGen      total 25088K, used 24856K [0x0000000795580000, 0x0000000796f00000, 0x00000007c0000000)
  eden space 24064K, 100% used [0x0000000795580000,0x0000000796d00000,0x0000000796d00000)
  from space 1024K, 77% used [0x0000000796e00000,0x0000000796ec6250,0x0000000796f00000)
  to   space 1024K, 0% used [0x0000000796d00000,0x0000000796d00000,0x0000000796e00000)
 ParOldGen       total 87552K, used 22640K [0x0000000740000000, 0x0000000745580000, 0x0000000795580000)
  object space 87552K, 25% used [0x0000000740000000,0x000000074161c250,0x0000000745580000)
 Metaspace       used 17236K, capacity 17480K, committed 17792K, reserved 1064960K
  class space    used 1988K, capacity 2066K, committed 2176K, reserved 1048576K
Event: 60.151 GC heap after
Heap after GC invocations=69 (full 0):
 PSYoungGen      total 25088K, used 937K [0x0000000795580000, 0x0000000796f00000, 0x00000007c0000000)
  eden space 24064K, 0% used [0x0000000795580000,0x0000000795580000,0x0000000796d00000)
  from space 1024K, 91% used [0x0000000796d00000,0x0000000796dea620,0x0000000796e00000)
  to   space 1024K, 0% used [0x0000000796e00000,0x0000000796e00000,0x0000000796f00000)
 ParOldGen       total 87552K, used 23451K [0x0000000740000000, 0x0000000745580000, 0x0000000795580000)
  object space 87552K, 26% used [0x0000000740000000,0x00000007416e6cf0,0x0000000745580000)
 Metaspace       used 17236K, capacity 17480K, committed 17792K, reserved 1064960K
  class space    used 1988K, capacity 2066K, committed 2176K, reserved 1048576K
}
Event: 60.787 GC heap before
{Heap before GC invocations=70 (full 0):
 PSYoungGen      total 25088K, used 25001K [0x0000000795580000, 0x0000000796f00000, 0x00000007c0000000)
  eden space 24064K, 100% used [0x0000000795580000,0x0000000796d00000,0x0000000796d00000)
  from space 1024K, 91% used [0x0000000796d00000,0x0000000796dea620,0x0000000796e00000)
  to   space 1024K, 0% used [0x0000000796e00000,0x0000000796e00000,0x0000000796f00000)
 ParOldGen       total 87552K, used 23468K [0x0000000740000000, 0x0000000745580000, 0x0000000795580000)
  object space 87552K, 26% used [0x0000000740000000,0x00000007416eb018,0x0000000745580000)
 Metaspace       used 17245K, capacity 17480K, committed 17792K, reserved 1064960K
  class space    used 1988K, capacity 2066K, committed 2176K, reserved 1048576K
Event: 60.789 GC heap after
Heap after GC invocations=70 (full 0):
 PSYoungGen      total 25088K, used 352K [0x0000000795580000, 0x0000000796f00000, 0x00000007c0000000)
  eden space 24064K, 0% used [0x0000000795580000,0x0000000795580000,0x0000000796d00000)
  from space 1024K, 34% used [0x0000000796e00000,0x0000000796e58000,0x0000000796f00000)
  to   space 1024K, 0% used [0x0000000796d00000,0x0000000796d00000,0x0000000796e00000)
 ParOldGen       total 87552K, used 24576K [0x0000000740000000, 0x0000000745580000, 0x0000000795580000)
  object space 87552K, 28% used [0x0000000740000000,0x00000007418000c8,0x0000000745580000)
 Metaspace       used 17245K, capacity 17480K, committed 17792K, reserved 1064960K
  class space    used 1988K, capacity 2066K, committed 2176K, reserved 1048576K
}
Event: 61.335 GC heap before
{Heap before GC invocations=71 (full 0):
 PSYoungGen      total 25088K, used 24416K [0x0000000795580000, 0x0000000796f00000, 0x00000007c0000000)
  eden space 24064K, 100% used [0x0000000795580000,0x0000000796d00000,0x0000000796d00000)
  from space 1024K, 34% used [0x0000000796e00000,0x0000000796e58000,0x0000000796f00000)
  to   space 1024K, 0% used [0x0000000796d00000,0x0000000796d00000,0x0000000796e00000)
 ParOldGen       total 87552K, used 24576K [0x0000000740000000, 0x0000000745580000, 0x0000000795580000)
  object space 87552K, 28% used [0x0000000740000000,0x00000007418000c8,0x0000000745580000)
 Metaspace       used 17245K, capacity 17480K, committed 17792K, reserved 1064960K
  class space    used 1988K, capacity 2066K, committed 2176K, reserved 1048576K
Event: 61.337 GC heap after
Heap after GC invocations=71 (full 0):
 PSYoungGen      total 25088K, used 256K [0x0000000795580000, 0x0000000796f00000, 0x00000007c0000000)
  eden space 24064K, 0% used [0x0000000795580000,0x0000000795580000,0x0000000796d00000)
  from space 1024K, 25% used [0x0000000796d00000,0x0000000796d40000,0x0000000796e00000)
  to   space 1024K, 0% used [0x0000000796e00000,0x0000000796e00000,0x0000000796f00000)
 ParOldGen       total 87552K, used 24608K [0x0000000740000000, 0x0000000745580000, 0x0000000795580000)
  object space 87552K, 28% used [0x0000000740000000,0x00000007418080d8,0x0000000745580000)
 Metaspace       used 17245K, capacity 17480K, committed 17792K, reserved 1064960K
  class space    used 1988K, capacity 2066K, committed 2176K, reserved 1048576K
}
Event: 61.901 GC heap before
{Heap before GC invocations=72 (full 0):
 PSYoungGen      total 25088K, used 24320K [0x0000000795580000, 0x0000000796f00000, 0x00000007c0000000)
  eden space 24064K, 100% used [0x0000000795580000,0x0000000796d00000,0x0000000796d00000)
  from space 1024K, 25% used [0x0000000796d00000,0x0000000796d40000,0x0000000796e00000)
  to   space 1024K, 0% used [0x0000000796e00000,0x0000000796e00000,0x0000000796f00000)
 ParOldGen       total 87552K, used 24608K [0x0000000740000000, 0x0000000745580000, 0x0000000795580000)
  object space 87552K, 28% used [0x0000000740000000,0x00000007418080d8,0x0000000745580000)
 Metaspace       used 17245K, capacity 17480K, committed 17792K, reserved 1064960K
  class space    used 1988K, capacity 2066K, committed 2176K, reserved 1048576K
Event: 61.902 GC heap after
Heap after GC invocations=72 (full 0):
 PSYoungGen      total 25088K, used 352K [0x0000000795580000, 0x0000000796f00000, 0x00000007c0000000)
  eden space 24064K, 0% used [0x0000000795580000,0x0000000795580000,0x0000000796d00000)
  from space 1024K, 34% used [0x0000000796e00000,0x0000000796e58010,0x0000000796f00000)
  to   space 1024K, 0% used [0x0000000796d00000,0x0000000796d00000,0x0000000796e00000)
 ParOldGen       total 87552K, used 24648K [0x0000000740000000, 0x0000000745580000, 0x0000000795580000)
  object space 87552K, 28% used [0x0000000740000000,0x00000007418120e8,0x0000000745580000)
 Metaspace       used 17245K, capacity 17480K, committed 17792K, reserved 1064960K
  class space    used 1988K, capacity 2066K, committed 2176K, reserved 1048576K
}

