# JRE version: Java(TM) SE Runtime Environment (8.0_45-b14) (build 1.8.0_45-b14)
# Java VM: Java HotSpot(TM) 64-Bit Server VM (25.45-b02 mixed mode bsd-amd64 compressed oops)
Heap:
 PSYoungGen      total 31744K, used 15829K [0x0000000795580000, 0x0000000798f80000, 0x00000007c0000000)
  eden space 30720K, 49% used [0x0000000795580000,0x000000079646ce00,0x0000000797380000)
  from space 1024K, 53% used [0x0000000797400000,0x00000007974887a0,0x0000000797500000)
  to   space 14336K, 0% used [0x0000000798180000,0x0000000798180000,0x0000000798f80000)
 ParOldGen       total 87552K, used 27965K [0x0000000740000000, 0x0000000745580000, 0x0000000795580000)
  object space 87552K, 31% used [0x0000000740000000,0x0000000741b4f638,0x0000000745580000)
 Metaspace       used 16759K, capacity 16992K, committed 17280K, reserved 1064960K
  class space    used 2000K, capacity 2098K, committed 2176K, reserved 1048576K
GC Heap History (10 events):
Event: 9.507 GC heap before
{Heap before GC invocations=5 (full 0):
 PSYoungGen      total 38400K, used 38388K [0x0000000795580000, 0x0000000798000000, 0x00000007c0000000)
  eden space 33280K, 100% used [0x0000000795580000,0x0000000797600000,0x0000000797600000)
  from space 5120K, 99% used [0x0000000797b00000,0x0000000797ffd2c0,0x0000000798000000)
  to   space 5120K, 0% used [0x0000000797600000,0x0000000797600000,0x0000000797b00000)
 ParOldGen       total 87552K, used 8730K [0x0000000740000000, 0x0000000745580000, 0x0000000795580000)
  object space 87552K, 9% used [0x0000000740000000,0x0000000740886aa8,0x0000000745580000)
 Metaspace       used 16615K, capacity 16864K, committed 17024K, reserved 1064960K
  class space    used 1998K, capacity 2098K, committed 2176K, reserved 1048576K
Event: 9.514 GC heap after
Heap after GC invocations=5 (full 0):
 PSYoungGen      total 37888K, used 5091K [0x0000000795580000, 0x0000000798f80000, 0x00000007c0000000)
  eden space 32768K, 0% used [0x0000000795580000,0x0000000795580000,0x0000000797580000)
  from space 5120K, 99% used [0x0000000797600000,0x0000000797af8ea0,0x0000000797b00000)
  to   space 13312K, 0% used [0x0000000798280000,0x0000000798280000,0x0000000798f80000)
 ParOldGen       total 87552K, used 13016K [0x0000000740000000, 0x0000000745580000, 0x0000000795580000)
  object space 87552K, 14% used [0x0000000740000000,0x0000000740cb61a8,0x0000000745580000)
 Metaspace       used 16615K, capacity 16864K, committed 17024K, reserved 1064960K
  class space    used 1998K, capacity 2098K, committed 2176K, reserved 1048576K
}
Event: 10.162 GC heap before
{Heap before GC invocations=6 (full 0):
 PSYoungGen      total 37888K, used 37859K [0x0000000795580000, 0x0000000798f80000, 0x00000007c0000000)
  eden space 32768K, 100% used [0x0000000795580000,0x0000000797580000,0x0000000797580000)
  from space 5120K, 99% used [0x0000000797600000,0x0000000797af8ea0,0x0000000797b00000)
  to   space 13312K, 0% used [0x0000000798280000,0x0000000798280000,0x0000000798f80000)
 ParOldGen       total 87552K, used 13016K [0x0000000740000000, 0x0000000745580000, 0x0000000795580000)
  object space 87552K, 14% used [0x0000000740000000,0x0000000740cb61c8,0x0000000745580000)
 Metaspace       used 16676K, capacity 16928K, committed 17280K, reserved 1064960K
  class space    used 1998K, capacity 2098K, committed 2176K, reserved 1048576K
Event: 10.177 GC heap after
Heap after GC invocations=6 (full 0):
 PSYoungGen      total 45056K, used 8961K [0x0000000795580000, 0x0000000798f00000, 0x00000007c0000000)
  eden space 32256K, 0% used [0x0000000795580000,0x0000000795580000,0x0000000797500000)
  from space 12800K, 70% used [0x0000000798280000,0x0000000798b40730,0x0000000798f00000)
  to   space 13312K, 0% used [0x0000000797500000,0x0000000797500000,0x0000000798200000)
 ParOldGen       total 87552K, used 13024K [0x0000000740000000, 0x0000000745580000, 0x0000000795580000)
  object space 87552K, 14% used [0x0000000740000000,0x0000000740cb81c8,0x0000000745580000)
 Metaspace       used 16676K, capacity 16928K, committed 17280K, reserved 1064960K
  class space    used 1998K, capacity 2098K, committed 2176K, reserved 1048576K
}
Event: 11.114 GC heap before
{Heap before GC invocations=7 (full 0):
 PSYoungGen      total 45056K, used 41217K [0x0000000795580000, 0x0000000798f00000, 0x00000007c0000000)
  eden space 32256K, 100% used [0x0000000795580000,0x0000000797500000,0x0000000797500000)
  from space 12800K, 70% used [0x0000000798280000,0x0000000798b40730,0x0000000798f00000)
  to   space 13312K, 0% used [0x0000000797500000,0x0000000797500000,0x0000000798200000)
 ParOldGen       total 87552K, used 13039K [0x0000000740000000, 0x0000000745580000, 0x0000000795580000)
  object space 87552K, 14% used [0x0000000740000000,0x0000000740cbbd60,0x0000000745580000)
 Metaspace       used 16736K, capacity 16992K, committed 17280K, reserved 1064960K
  class space    used 1999K, capacity 2098K, committed 2176K, reserved 1048576K
Event: 11.122 GC heap after
Heap after GC invocations=7 (full 0):
 PSYoungGen      total 45056K, used 1828K [0x0000000795580000, 0x0000000798f80000, 0x00000007c0000000)
  eden space 31744K, 0% used [0x0000000795580000,0x0000000795580000,0x0000000797480000)
  from space 13312K, 13% used [0x0000000797500000,0x00000007976c9010,0x0000000798200000)
  to   space 13824K, 0% used [0x0000000798200000,0x0000000798200000,0x0000000798f80000)
 ParOldGen       total 87552K, used 26210K [0x0000000740000000, 0x0000000745580000, 0x0000000795580000)
  object space 87552K, 29% used [0x0000000740000000,0x0000000741998a38,0x0000000745580000)
 Metaspace       used 16736K, capacity 16992K, committed 17280K, reserved 1064960K
  class space    used 1999K, capacity 2098K, committed 2176K, reserved 1048576K
}
Event: 12.084 GC heap before
{Heap before GC invocations=8 (full 0):
 PSYoungGen      total 45056K, used 33572K [0x0000000795580000, 0x0000000798f80000, 0x00000007c0000000)
  eden space 31744K, 100% used [0x0000000795580000,0x0000000797480000,0x0000000797480000)
  from space 13312K, 13% used [0x0000000797500000,0x00000007976c9010,0x0000000798200000)
  to   space 13824K, 0% used [0x0000000798200000,0x0000000798200000,0x0000000798f80000)
 ParOldGen       total 87552K, used 26210K [0x0000000740000000, 0x0000000745580000, 0x0000000795580000)
  object space 87552K, 29% used [0x0000000740000000,0x0000000741998a38,0x0000000745580000)
 Metaspace       used 16747K, capacity 16992K, committed 17280K, reserved 1064960K
  class space    used 1999K, capacity 2098K, committed 2176K, reserved 1048576K
Event: 12.085 GC heap after
Heap after GC invocations=8 (full 0):
 PSYoungGen      total 45056K, used 1764K [0x0000000795580000, 0x0000000799000000, 0x00000007c0000000)
  eden space 31232K, 0% used [0x0000000795580000,0x0000000795580000,0x0000000797400000)
  from space 13824K, 12% used [0x0000000798200000,0x00000007983b9010,0x0000000798f80000)
  to   space 14336K, 0% used [0x0000000797400000,0x0000000797400000,0x0000000798200000)
 ParOldGen       total 87552K, used 26242K [0x0000000740000000, 0x0000000745580000, 0x0000000795580000)
  object space 87552K, 29% used [0x0000000740000000,0x00000007419a0a38,0x0000000745580000)
 Metaspace       used 16747K, capacity 16992K, committed 17280K, reserved 1064960K
  class space    used 1999K, capacity 2098K, committed 2176K, reserved 1048576K
}
Event: 12.912 GC heap before
{Heap before GC invocations=9 (full 0):
 PSYoungGen      total 45056K, used 32996K [0x0000000795580000, 0x0000000799000000, 0x00000007c0000000)
  eden space 31232K, 100% used [0x0000000795580000,0x0000000797400000,0x0000000797400000)
  from space 13824K, 12% used [0x0000000798200000,0x00000007983b9010,0x0000000798f80000)
  to   space 14336K, 0% used [0x0000000797400000,0x0000000797400000,0x0000000798200000)
 ParOldGen       total 87552K, used 26242K [0x0000000740000000, 0x0000000745580000, 0x0000000795580000)
  object space 87552K, 29% used [0x0000000740000000,0x00000007419a0a38,0x0000000745580000)
 Metaspace       used 16758K, capacity 16992K, committed 17280K, reserved 1064960K
  class space    used 1999K, capacity 2098K, committed 2176K, reserved 1048576K
Event: 12.913 GC heap after
Heap after GC invocations=9 (full 0):
 PSYoungGen      total 31744K, used 545K [0x0000000795580000, 0x0000000798f80000, 0x00000007c0000000)
  eden space 30720K, 0% used [0x0000000795580000,0x0000000795580000,0x0000000797380000)
  from space 1024K, 53% used [0x0000000797400000,0x00000007974887a0,0x0000000797500000)
  to   space 14336K, 0% used [0x0000000798180000,0x0000000798180000,0x0000000798f80000)
 ParOldGen       total 87552K, used 27965K [0x0000000740000000, 0x0000000745580000, 0x0000000795580000)
  object space 87552K, 31% used [0x0000000740000000,0x0000000741b4f638,0x0000000745580000)
 Metaspace       used 16758K, capacity 16992K, committed 17280K, reserved 1064960K
  class space    used 1999K, capacity 2098K, committed 2176K, reserved 1048576K
}

