# JRE version: Java(TM) SE Runtime Environment (8.0_45-b14) (build 1.8.0_45-b14)
# Java VM: Java HotSpot(TM) 64-Bit Server VM (25.45-b02 mixed mode bsd-amd64 compressed oops)
Heap:
 PSYoungGen      total 35328K, used 21435K [0x0000000795580000, 0x0000000798200000, 0x00000007c0000000)
  eden space 27136K, 77% used [0x0000000795580000,0x0000000796a26c00,0x0000000797000000)
  from space 8192K, 3% used [0x0000000797a00000,0x0000000797a48000,0x0000000798200000)
  to   space 9216K, 0% used [0x0000000797000000,0x0000000797000000,0x0000000797900000)
 ParOldGen       total 87552K, used 12124K [0x0000000740000000, 0x0000000745580000, 0x0000000795580000)
  object space 87552K, 13% used [0x0000000740000000,0x0000000740bd7088,0x0000000745580000)
 Metaspace       used 16371K, capacity 16618K, committed 16896K, reserved 1064960K
  class space    used 1896K, capacity 1995K, committed 2048K, reserved 1048576K
GC Heap History (10 events):
Event: 18.975 GC heap before
{Heap before GC invocations=12 (full 0):
 PSYoungGen      total 30208K, used 30048K [0x0000000795580000, 0x0000000798780000, 0x00000007c0000000)
  eden space 29696K, 100% used [0x0000000795580000,0x0000000797280000,0x0000000797280000)
  from space 512K, 68% used [0x0000000797300000,0x0000000797358010,0x0000000797380000)
  to   space 10752K, 0% used [0x0000000797d00000,0x0000000797d00000,0x0000000798780000)
 ParOldGen       total 87552K, used 11916K [0x0000000740000000, 0x0000000745580000, 0x0000000795580000)
  object space 87552K, 13% used [0x0000000740000000,0x0000000740ba3038,0x0000000745580000)
 Metaspace       used 16175K, capacity 16394K, committed 16640K, reserved 1064960K
  class space    used 1890K, capacity 1963K, committed 2048K, reserved 1048576K
Event: 18.976 GC heap after
Heap after GC invocations=12 (full 0):
 PSYoungGen      total 39424K, used 352K [0x0000000795580000, 0x0000000798700000, 0x00000007c0000000)
  eden space 29184K, 0% used [0x0000000795580000,0x0000000795580000,0x0000000797200000)
  from space 10240K, 3% used [0x0000000797d00000,0x0000000797d58000,0x0000000798700000)
  to   space 10752K, 0% used [0x0000000797200000,0x0000000797200000,0x0000000797c80000)
 ParOldGen       total 87552K, used 11964K [0x0000000740000000, 0x0000000745580000, 0x0000000795580000)
  object space 87552K, 13% used [0x0000000740000000,0x0000000740baf048,0x0000000745580000)
 Metaspace       used 16175K, capacity 16394K, committed 16640K, reserved 1064960K
  class space    used 1890K, capacity 1963K, committed 2048K, reserved 1048576K
}
Event: 19.647 GC heap before
{Heap before GC invocations=13 (full 0):
 PSYoungGen      total 39424K, used 29536K [0x0000000795580000, 0x0000000798700000, 0x00000007c0000000)
  eden space 29184K, 100% used [0x0000000795580000,0x0000000797200000,0x0000000797200000)
  from space 10240K, 3% used [0x0000000797d00000,0x0000000797d58000,0x0000000798700000)
  to   space 10752K, 0% used [0x0000000797200000,0x0000000797200000,0x0000000797c80000)
 ParOldGen       total 87552K, used 11964K [0x0000000740000000, 0x0000000745580000, 0x0000000795580000)
  object space 87552K, 13% used [0x0000000740000000,0x0000000740baf048,0x0000000745580000)
 Metaspace       used 16199K, capacity 16426K, committed 16640K, reserved 1064960K
  class space    used 1895K, capacity 1995K, committed 2048K, reserved 1048576K
Event: 19.648 GC heap after
Heap after GC invocations=13 (full 0):
 PSYoungGen      total 29184K, used 320K [0x0000000795580000, 0x0000000798580000, 0x00000007c0000000)
  eden space 28672K, 0% used [0x0000000795580000,0x0000000795580000,0x0000000797180000)
  from space 512K, 62% used [0x0000000797200000,0x0000000797250000,0x0000000797280000)
  to   space 10240K, 0% used [0x0000000797b80000,0x0000000797b80000,0x0000000798580000)
 ParOldGen       total 87552K, used 11996K [0x0000000740000000, 0x0000000745580000, 0x0000000795580000)
  object space 87552K, 13% used [0x0000000740000000,0x0000000740bb7058,0x0000000745580000)
 Metaspace       used 16199K, capacity 16426K, committed 16640K, reserved 1064960K
  class space    used 1895K, capacity 1995K, committed 2048K, reserved 1048576K
}
Event: 20.423 GC heap before
{Heap before GC invocations=14 (full 0):
 PSYoungGen      total 29184K, used 28992K [0x0000000795580000, 0x0000000798580000, 0x00000007c0000000)
  eden space 28672K, 100% used [0x0000000795580000,0x0000000797180000,0x0000000797180000)
  from space 512K, 62% used [0x0000000797200000,0x0000000797250000,0x0000000797280000)
  to   space 10240K, 0% used [0x0000000797b80000,0x0000000797b80000,0x0000000798580000)
 ParOldGen       total 87552K, used 11996K [0x0000000740000000, 0x0000000745580000, 0x0000000795580000)
  object space 87552K, 13% used [0x0000000740000000,0x0000000740bb7058,0x0000000745580000)
 Metaspace       used 16254K, capacity 16490K, committed 16640K, reserved 1064960K
  class space    used 1895K, capacity 1995K, committed 2048K, reserved 1048576K
Event: 20.424 GC heap after
Heap after GC invocations=14 (full 0):
 PSYoungGen      total 36864K, used 384K [0x0000000795580000, 0x0000000798400000, 0x00000007c0000000)
  eden space 28160K, 0% used [0x0000000795580000,0x0000000795580000,0x0000000797100000)
  from space 8704K, 4% used [0x0000000797b80000,0x0000000797be0000,0x0000000798400000)
  to   space 9728K, 0% used [0x0000000797100000,0x0000000797100000,0x0000000797a80000)
 ParOldGen       total 87552K, used 12060K [0x0000000740000000, 0x0000000745580000, 0x0000000795580000)
  object space 87552K, 13% used [0x0000000740000000,0x0000000740bc7068,0x0000000745580000)
 Metaspace       used 16254K, capacity 16490K, committed 16640K, reserved 1064960K
  class space    used 1895K, capacity 1995K, committed 2048K, reserved 1048576K
}
Event: 21.166 GC heap before
{Heap before GC invocations=15 (full 0):
 PSYoungGen      total 36864K, used 28544K [0x0000000795580000, 0x0000000798400000, 0x00000007c0000000)
  eden space 28160K, 100% used [0x0000000795580000,0x0000000797100000,0x0000000797100000)
  from space 8704K, 4% used [0x0000000797b80000,0x0000000797be0000,0x0000000798400000)
  to   space 9728K, 0% used [0x0000000797100000,0x0000000797100000,0x0000000797a80000)
 ParOldGen       total 87552K, used 12060K [0x0000000740000000, 0x0000000745580000, 0x0000000795580000)
  object space 87552K, 13% used [0x0000000740000000,0x0000000740bc7068,0x0000000745580000)
 Metaspace       used 16297K, capacity 16490K, committed 16640K, reserved 1064960K
  class space    used 1895K, capacity 1995K, committed 2048K, reserved 1048576K
Event: 21.167 GC heap after
Heap after GC invocations=15 (full 0):
 PSYoungGen      total 28160K, used 320K [0x0000000795580000, 0x0000000798380000, 0x00000007c0000000)
  eden space 27648K, 0% used [0x0000000795580000,0x0000000795580000,0x0000000797080000)
  from space 512K, 62% used [0x0000000797100000,0x0000000797150000,0x0000000797180000)
  to   space 9728K, 0% used [0x0000000797a00000,0x0000000797a00000,0x0000000798380000)
 ParOldGen       total 87552K, used 12092K [0x0000000740000000, 0x0000000745580000, 0x0000000795580000)
  object space 87552K, 13% used [0x0000000740000000,0x0000000740bcf078,0x0000000745580000)
 Metaspace       used 16297K, capacity 16490K, committed 16640K, reserved 1064960K
  class space    used 1895K, capacity 1995K, committed 2048K, reserved 1048576K
}
Event: 21.896 GC heap before
{Heap before GC invocations=16 (full 0):
 PSYoungGen      total 28160K, used 27968K [0x0000000795580000, 0x0000000798380000, 0x00000007c0000000)
  eden space 27648K, 100% used [0x0000000795580000,0x0000000797080000,0x0000000797080000)
  from space 512K, 62% used [0x0000000797100000,0x0000000797150000,0x0000000797180000)
  to   space 9728K, 0% used [0x0000000797a00000,0x0000000797a00000,0x0000000798380000)
 ParOldGen       total 87552K, used 12092K [0x0000000740000000, 0x0000000745580000, 0x0000000795580000)
  object space 87552K, 13% used [0x0000000740000000,0x0000000740bcf078,0x0000000745580000)
 Metaspace       used 16361K, capacity 16618K, committed 16896K, reserved 1064960K
  class space    used 1895K, capacity 1995K, committed 2048K, reserved 1048576K
Event: 21.897 GC heap after
Heap after GC invocations=16 (full 0):
 PSYoungGen      total 35328K, used 288K [0x0000000795580000, 0x0000000798200000, 0x00000007c0000000)
  eden space 27136K, 0% used [0x0000000795580000,0x0000000795580000,0x0000000797000000)
  from space 8192K, 3% used [0x0000000797a00000,0x0000000797a48000,0x0000000798200000)
  to   space 9216K, 0% used [0x0000000797000000,0x0000000797000000,0x0000000797900000)
 ParOldGen       total 87552K, used 12124K [0x0000000740000000, 0x0000000745580000, 0x0000000795580000)
  object space 87552K, 13% used [0x0000000740000000,0x0000000740bd7088,0x0000000745580000)
 Metaspace       used 16361K, capacity 16618K, committed 16896K, reserved 1064960K
  class space    used 1895K, capacity 1995K, committed 2048K, reserved 1048576K
}

