# JRE version: Java(TM) SE Runtime Environment (8.0_45-b14) (build 1.8.0_45-b14)
# Java VM: Java HotSpot(TM) 64-Bit Server VM (25.45-b02 mixed mode bsd-amd64 compressed oops)
Heap:
 PSYoungGen      total 42496K, used 32912K [0x0000000795580000, 0x0000000798b00000, 0x00000007c0000000)
  eden space 32256K, 85% used [0x0000000795580000,0x0000000797065618,0x0000000797500000)
  from space 10240K, 52% used [0x0000000798100000,0x000000079863ede0,0x0000000798b00000)
  to   space 11264K, 0% used [0x0000000797500000,0x0000000797500000,0x0000000798000000)
 ParOldGen       total 87552K, used 8527K [0x0000000740000000, 0x0000000745580000, 0x0000000795580000)
  object space 87552K, 9% used [0x0000000740000000,0x0000000740853c50,0x0000000745580000)
 Metaspace       used 15229K, capacity 15414K, committed 15744K, reserved 1062912K
  class space    used 1772K, capacity 1829K, committed 1920K, reserved 1048576K
GC Heap History (10 events):
Event: 8.019 GC heap before
{Heap before GC invocations=2 (full 0):
 PSYoungGen      total 38400K, used 38379K [0x0000000795580000, 0x0000000798000000, 0x00000007c0000000)
  eden space 33280K, 100% used [0x0000000795580000,0x0000000797600000,0x0000000797600000)
  from space 5120K, 99% used [0x0000000797600000,0x0000000797afae00,0x0000000797b00000)
  to   space 5120K, 0% used [0x0000000797b00000,0x0000000797b00000,0x0000000798000000)
 ParOldGen       total 87552K, used 2784K [0x0000000740000000, 0x0000000745580000, 0x0000000795580000)
  object space 87552K, 3% used [0x0000000740000000,0x00000007402b81c0,0x0000000745580000)
 Metaspace       used 15134K, capacity 15342K, committed 15488K, reserved 1062912K
  class space    used 1771K, capacity 1829K, committed 1920K, reserved 1048576K
Event: 8.024 GC heap after
Heap after GC invocations=2 (full 0):
 PSYoungGen      total 38400K, used 5115K [0x0000000795580000, 0x0000000798000000, 0x00000007c0000000)
  eden space 33280K, 0% used [0x0000000795580000,0x0000000795580000,0x0000000797600000)
  from space 5120K, 99% used [0x0000000797b00000,0x0000000797ffede0,0x0000000798000000)
  to   space 5120K, 0% used [0x0000000797600000,0x0000000797600000,0x0000000797b00000)
 ParOldGen       total 87552K, used 8158K [0x0000000740000000, 0x0000000745580000, 0x0000000795580000)
  object space 87552K, 9% used [0x0000000740000000,0x00000007407f79e0,0x0000000745580000)
 Metaspace       used 15134K, capacity 15342K, committed 15488K, reserved 1062912K
  class space    used 1771K, capacity 1829K, committed 1920K, reserved 1048576K
}
Event: 8.728 GC heap before
{Heap before GC invocations=3 (full 0):
 PSYoungGen      total 38400K, used 38395K [0x0000000795580000, 0x0000000798000000, 0x00000007c0000000)
  eden space 33280K, 100% used [0x0000000795580000,0x0000000797600000,0x0000000797600000)
  from space 5120K, 99% used [0x0000000797b00000,0x0000000797ffede0,0x0000000798000000)
  to   space 5120K, 0% used [0x0000000797600000,0x0000000797600000,0x0000000797b00000)
 ParOldGen       total 87552K, used 8158K [0x0000000740000000, 0x0000000745580000, 0x0000000795580000)
  object space 87552K, 9% used [0x0000000740000000,0x00000007407f79e0,0x0000000745580000)
 Metaspace       used 15153K, capacity 15342K, committed 15488K, reserved 1062912K
  class space    used 1771K, capacity 1829K, committed 1920K, reserved 1048576K
Event: 8.731 GC heap after
Heap after GC invocations=3 (full 0):
 PSYoungGen      total 38400K, used 5115K [0x0000000795580000, 0x0000000798000000, 0x00000007c0000000)
  eden space 33280K, 0% used [0x0000000795580000,0x0000000795580000,0x0000000797600000)
  from space 5120K, 99% used [0x0000000797600000,0x0000000797afede0,0x0000000797b00000)
  to   space 5120K, 0% used [0x0000000797b00000,0x0000000797b00000,0x0000000798000000)
 ParOldGen       total 87552K, used 8342K [0x0000000740000000, 0x0000000745580000, 0x0000000795580000)
  object space 87552K, 9% used [0x0000000740000000,0x0000000740825b20,0x0000000745580000)
 Metaspace       used 15153K, capacity 15342K, committed 15488K, reserved 1062912K
  class space    used 1771K, capacity 1829K, committed 1920K, reserved 1048576K
}
Event: 9.379 GC heap before
{Heap before GC invocations=4 (full 0):
 PSYoungGen      total 38400K, used 38395K [0x0000000795580000, 0x0000000798000000, 0x00000007c0000000)
  eden space 33280K, 100% used [0x0000000795580000,0x0000000797600000,0x0000000797600000)
  from space 5120K, 99% used [0x0000000797600000,0x0000000797afede0,0x0000000797b00000)
  to   space 5120K, 0% used [0x0000000797b00000,0x0000000797b00000,0x0000000798000000)
 ParOldGen       total 87552K, used 8342K [0x0000000740000000, 0x0000000745580000, 0x0000000795580000)
  object space 87552K, 9% used [0x0000000740000000,0x0000000740825b20,0x0000000745580000)
 Metaspace       used 15169K, capacity 15342K, committed 15488K, reserved 1062912K
  class space    used 1771K, capacity 1829K, committed 1920K, reserved 1048576K
Event: 9.381 GC heap after
Heap after GC invocations=4 (full 0):
 PSYoungGen      total 38400K, used 2846K [0x0000000795580000, 0x0000000798000000, 0x00000007c0000000)
  eden space 33280K, 0% used [0x0000000795580000,0x0000000795580000,0x0000000797600000)
  from space 5120K, 55% used [0x0000000797b00000,0x0000000797dc7a10,0x0000000798000000)
  to   space 5120K, 0% used [0x0000000797600000,0x0000000797600000,0x0000000797b00000)
 ParOldGen       total 87552K, used 8350K [0x0000000740000000, 0x0000000745580000, 0x0000000795580000)
  object space 87552K, 9% used [0x0000000740000000,0x0000000740827b20,0x0000000745580000)
 Metaspace       used 15169K, capacity 15342K, committed 15488K, reserved 1062912K
  class space    used 1771K, capacity 1829K, committed 1920K, reserved 1048576K
}
Event: 10.313 GC heap before
{Heap before GC invocations=5 (full 0):
 PSYoungGen      total 38400K, used 36126K [0x0000000795580000, 0x0000000798000000, 0x00000007c0000000)
  eden space 33280K, 100% used [0x0000000795580000,0x0000000797600000,0x0000000797600000)
  from space 5120K, 55% used [0x0000000797b00000,0x0000000797dc7a10,0x0000000798000000)
  to   space 5120K, 0% used [0x0000000797600000,0x0000000797600000,0x0000000797b00000)
 ParOldGen       total 87552K, used 8350K [0x0000000740000000, 0x0000000745580000, 0x0000000795580000)
  object space 87552K, 9% used [0x0000000740000000,0x0000000740827b20,0x0000000745580000)
 Metaspace       used 15197K, capacity 15414K, committed 15744K, reserved 1062912K
  class space    used 1771K, capacity 1829K, committed 1920K, reserved 1048576K
Event: 10.315 GC heap after
Heap after GC invocations=5 (full 0):
 PSYoungGen      total 37888K, used 5115K [0x0000000795580000, 0x0000000798c80000, 0x00000007c0000000)
  eden space 32768K, 0% used [0x0000000795580000,0x0000000795580000,0x0000000797580000)
  from space 5120K, 99% used [0x0000000797600000,0x0000000797afede0,0x0000000797b00000)
  to   space 11776K, 0% used [0x0000000798100000,0x0000000798100000,0x0000000798c80000)
 ParOldGen       total 87552K, used 8519K [0x0000000740000000, 0x0000000745580000, 0x0000000795580000)
  object space 87552K, 9% used [0x0000000740000000,0x0000000740851c50,0x0000000745580000)
 Metaspace       used 15197K, capacity 15414K, committed 15744K, reserved 1062912K
  class space    used 1771K, capacity 1829K, committed 1920K, reserved 1048576K
}
Event: 11.333 GC heap before
{Heap before GC invocations=6 (full 0):
 PSYoungGen      total 37888K, used 37883K [0x0000000795580000, 0x0000000798c80000, 0x00000007c0000000)
  eden space 32768K, 100% used [0x0000000795580000,0x0000000797580000,0x0000000797580000)
  from space 5120K, 99% used [0x0000000797600000,0x0000000797afede0,0x0000000797b00000)
  to   space 11776K, 0% used [0x0000000798100000,0x0000000798100000,0x0000000798c80000)
 ParOldGen       total 87552K, used 8519K [0x0000000740000000, 0x0000000745580000, 0x0000000795580000)
  object space 87552K, 9% used [0x0000000740000000,0x0000000740851c50,0x0000000745580000)
 Metaspace       used 15213K, capacity 15414K, committed 15744K, reserved 1062912K
  class space    used 1771K, capacity 1829K, committed 1920K, reserved 1048576K
Event: 11.337 GC heap after
Heap after GC invocations=6 (full 0):
 PSYoungGen      total 42496K, used 5371K [0x0000000795580000, 0x0000000798b00000, 0x00000007c0000000)
  eden space 32256K, 0% used [0x0000000795580000,0x0000000795580000,0x0000000797500000)
  from space 10240K, 52% used [0x0000000798100000,0x000000079863ede0,0x0000000798b00000)
  to   space 11264K, 0% used [0x0000000797500000,0x0000000797500000,0x0000000798000000)
 ParOldGen       total 87552K, used 8527K [0x0000000740000000, 0x0000000745580000, 0x0000000795580000)
  object space 87552K, 9% used [0x0000000740000000,0x0000000740853c50,0x0000000745580000)
 Metaspace       used 15213K, capacity 15414K, committed 15744K, reserved 1062912K
  class space    used 1771K, capacity 1829K, committed 1920K, reserved 1048576K
}

