# JRE version: Java(TM) SE Runtime Environment (8.0_45-b14) (build 1.8.0_45-b14)
# Java VM: Java HotSpot(TM) 64-Bit Server VM (25.45-b02 mixed mode bsd-amd64 compressed oops)
Heap:
 PSYoungGen      total 37888K, used 26343K [0x0000000170580000, 0x0000000173880000, 0x000000019b000000)
  eden space 32768K, 72% used [0x0000000170580000,0x0000000171c9df60,0x0000000172580000)
  from space 5120K, 52% used [0x0000000172600000,0x000000017289c010,0x0000000172b00000)
  to   space 9728K, 0% used [0x0000000172f00000,0x0000000172f00000,0x0000000173880000)
 ParOldGen       total 87552K, used 4306K [0x000000011b000000, 0x0000000120580000, 0x0000000170580000)
  object space 87552K, 4% used [0x000000011b000000,0x000000011b434ab8,0x0000000120580000)
 Metaspace       used 15230K, capacity 15418K, committed 15744K, reserved 1062912K
  class space    used 1772K, capacity 1829K, committed 1920K, reserved 1048576K
GC Heap History (10 events):
Event: 7.042 GC heap before
{Heap before GC invocations=1 (full 0):
 PSYoungGen      total 38400K, used 33280K [0x0000000170580000, 0x0000000173000000, 0x000000019b000000)
  eden space 33280K, 100% used [0x0000000170580000,0x0000000172600000,0x0000000172600000)
  from space 5120K, 0% used [0x0000000172b00000,0x0000000172b00000,0x0000000173000000)
  to   space 5120K, 0% used [0x0000000172600000,0x0000000172600000,0x0000000172b00000)
 ParOldGen       total 87552K, used 0K [0x000000011b000000, 0x0000000120580000, 0x0000000170580000)
  object space 87552K, 0% used [0x000000011b000000,0x000000011b000000,0x0000000120580000)
 Metaspace       used 14371K, capacity 14578K, committed 14848K, reserved 1062912K
  class space    used 1688K, capacity 1765K, committed 1792K, reserved 1048576K
Event: 7.049 GC heap after
Heap after GC invocations=1 (full 0):
 PSYoungGen      total 38400K, used 5117K [0x0000000170580000, 0x0000000173000000, 0x000000019b000000)
  eden space 33280K, 0% used [0x0000000170580000,0x0000000170580000,0x0000000172600000)
  from space 5120K, 99% used [0x0000000172600000,0x0000000172aff410,0x0000000172b00000)
  to   space 5120K, 0% used [0x0000000172b00000,0x0000000172b00000,0x0000000173000000)
 ParOldGen       total 87552K, used 2855K [0x000000011b000000, 0x0000000120580000, 0x0000000170580000)
  object space 87552K, 3% used [0x000000011b000000,0x000000011b2c9d90,0x0000000120580000)
 Metaspace       used 14371K, capacity 14578K, committed 14848K, reserved 1062912K
  class space    used 1688K, capacity 1765K, committed 1792K, reserved 1048576K
}
Event: 8.365 GC heap before
{Heap before GC invocations=2 (full 0):
 PSYoungGen      total 38400K, used 38397K [0x0000000170580000, 0x0000000173000000, 0x000000019b000000)
  eden space 33280K, 100% used [0x0000000170580000,0x0000000172600000,0x0000000172600000)
  from space 5120K, 99% used [0x0000000172600000,0x0000000172aff410,0x0000000172b00000)
  to   space 5120K, 0% used [0x0000000172b00000,0x0000000172b00000,0x0000000173000000)
 ParOldGen       total 87552K, used 2855K [0x000000011b000000, 0x0000000120580000, 0x0000000170580000)
  object space 87552K, 3% used [0x000000011b000000,0x000000011b2c9d90,0x0000000120580000)
 Metaspace       used 15154K, capacity 15346K, committed 15744K, reserved 1062912K
  class space    used 1772K, capacity 1829K, committed 1920K, reserved 1048576K
Event: 8.373 GC heap after
Heap after GC invocations=2 (full 0):
 PSYoungGen      total 38400K, used 5100K [0x0000000170580000, 0x0000000173000000, 0x000000019b000000)
  eden space 33280K, 0% used [0x0000000170580000,0x0000000170580000,0x0000000172600000)
  from space 5120K, 99% used [0x0000000172b00000,0x0000000172ffb3f0,0x0000000173000000)
  to   space 5120K, 0% used [0x0000000172600000,0x0000000172600000,0x0000000172b00000)
 ParOldGen       total 87552K, used 4282K [0x000000011b000000, 0x0000000120580000, 0x0000000170580000)
  object space 87552K, 4% used [0x000000011b000000,0x000000011b42eab8,0x0000000120580000)
 Metaspace       used 15154K, capacity 15346K, committed 15744K, reserved 1062912K
  class space    used 1772K, capacity 1829K, committed 1920K, reserved 1048576K
}
Event: 9.061 GC heap before
{Heap before GC invocations=3 (full 0):
 PSYoungGen      total 38400K, used 38380K [0x0000000170580000, 0x0000000173000000, 0x000000019b000000)
  eden space 33280K, 100% used [0x0000000170580000,0x0000000172600000,0x0000000172600000)
  from space 5120K, 99% used [0x0000000172b00000,0x0000000172ffb3f0,0x0000000173000000)
  to   space 5120K, 0% used [0x0000000172600000,0x0000000172600000,0x0000000172b00000)
 ParOldGen       total 87552K, used 4282K [0x000000011b000000, 0x0000000120580000, 0x0000000170580000)
  object space 87552K, 4% used [0x000000011b000000,0x000000011b42eab8,0x0000000120580000)
 Metaspace       used 15171K, capacity 15346K, committed 15744K, reserved 1062912K
  class space    used 1772K, capacity 1829K, committed 1920K, reserved 1048576K
Event: 9.063 GC heap after
Heap after GC invocations=3 (full 0):
 PSYoungGen      total 38400K, used 2672K [0x0000000170580000, 0x0000000173000000, 0x000000019b000000)
  eden space 33280K, 0% used [0x0000000170580000,0x0000000170580000,0x0000000172600000)
  from space 5120K, 52% used [0x0000000172600000,0x000000017289c010,0x0000000172b00000)
  to   space 5120K, 0% used [0x0000000172b00000,0x0000000172b00000,0x0000000173000000)
 ParOldGen       total 87552K, used 4290K [0x000000011b000000, 0x0000000120580000, 0x0000000170580000)
  object space 87552K, 4% used [0x000000011b000000,0x000000011b430ab8,0x0000000120580000)
 Metaspace       used 15171K, capacity 15346K, committed 15744K, reserved 1062912K
  class space    used 1772K, capacity 1829K, committed 1920K, reserved 1048576K
}
Event: 9.863 GC heap before
{Heap before GC invocations=4 (full 0):
 PSYoungGen      total 38400K, used 35952K [0x0000000170580000, 0x0000000173000000, 0x000000019b000000)
  eden space 33280K, 100% used [0x0000000170580000,0x0000000172600000,0x0000000172600000)
  from space 5120K, 52% used [0x0000000172600000,0x000000017289c010,0x0000000172b00000)
  to   space 5120K, 0% used [0x0000000172b00000,0x0000000172b00000,0x0000000173000000)
 ParOldGen       total 87552K, used 4290K [0x000000011b000000, 0x0000000120580000, 0x0000000170580000)
  object space 87552K, 4% used [0x000000011b000000,0x000000011b430ab8,0x0000000120580000)
 Metaspace       used 15187K, capacity 15346K, committed 15744K, reserved 1062912K
  class space    used 1772K, capacity 1829K, committed 1920K, reserved 1048576K
Event: 9.866 GC heap after
Heap after GC invocations=4 (full 0):
 PSYoungGen      total 38400K, used 2640K [0x0000000170580000, 0x0000000173000000, 0x000000019b000000)
  eden space 33280K, 0% used [0x0000000170580000,0x0000000170580000,0x0000000172600000)
  from space 5120K, 51% used [0x0000000172b00000,0x0000000172d94010,0x0000000173000000)
  to   space 5120K, 0% used [0x0000000172600000,0x0000000172600000,0x0000000172b00000)
 ParOldGen       total 87552K, used 4298K [0x000000011b000000, 0x0000000120580000, 0x0000000170580000)
  object space 87552K, 4% used [0x000000011b000000,0x000000011b432ab8,0x0000000120580000)
 Metaspace       used 15187K, capacity 15346K, committed 15744K, reserved 1062912K
  class space    used 1772K, capacity 1829K, committed 1920K, reserved 1048576K
}
Event: 10.575 GC heap before
{Heap before GC invocations=5 (full 0):
 PSYoungGen      total 38400K, used 35920K [0x0000000170580000, 0x0000000173000000, 0x000000019b000000)
  eden space 33280K, 100% used [0x0000000170580000,0x0000000172600000,0x0000000172600000)
  from space 5120K, 51% used [0x0000000172b00000,0x0000000172d94010,0x0000000173000000)
  to   space 5120K, 0% used [0x0000000172600000,0x0000000172600000,0x0000000172b00000)
 ParOldGen       total 87552K, used 4298K [0x000000011b000000, 0x0000000120580000, 0x0000000170580000)
  object space 87552K, 4% used [0x000000011b000000,0x000000011b432ab8,0x0000000120580000)
 Metaspace       used 15216K, capacity 15418K, committed 15744K, reserved 1062912K
  class space    used 1772K, capacity 1829K, committed 1920K, reserved 1048576K
Event: 10.578 GC heap after
Heap after GC invocations=5 (full 0):
 PSYoungGen      total 37888K, used 2672K [0x0000000170580000, 0x0000000173880000, 0x000000019b000000)
  eden space 32768K, 0% used [0x0000000170580000,0x0000000170580000,0x0000000172580000)
  from space 5120K, 52% used [0x0000000172600000,0x000000017289c010,0x0000000172b00000)
  to   space 9728K, 0% used [0x0000000172f00000,0x0000000172f00000,0x0000000173880000)
 ParOldGen       total 87552K, used 4306K [0x000000011b000000, 0x0000000120580000, 0x0000000170580000)
  object space 87552K, 4% used [0x000000011b000000,0x000000011b434ab8,0x0000000120580000)
 Metaspace       used 15216K, capacity 15418K, committed 15744K, reserved 1062912K
  class space    used 1772K, capacity 1829K, committed 1920K, reserved 1048576K
}

