# JRE version: Java(TM) SE Runtime Environment (8.0_45-b14) (build 1.8.0_45-b14)
# Java VM: Java HotSpot(TM) 64-Bit Server VM (25.45-b02 mixed mode bsd-amd64 compressed oops)
Heap:
 PSYoungGen      total 27136K, used 1778K [0x000000016e780000, 0x0000000171580000, 0x0000000199200000)
  eden space 26624K, 4% used [0x000000016e780000,0x000000016e8cb2d8,0x0000000170180000)
  from space 512K, 88% used [0x0000000170200000,0x00000001702715e8,0x0000000170280000)
  to   space 10240K, 0% used [0x0000000170b80000,0x0000000170b80000,0x0000000171580000)
 ParOldGen       total 87552K, used 16100K [0x0000000119200000, 0x000000011e780000, 0x000000016e780000)
  object space 87552K, 18% used [0x0000000119200000,0x000000011a1b9058,0x000000011e780000)
 Metaspace       used 15491K, capacity 15674K, committed 16000K, reserved 1062912K
  class space    used 1772K, capacity 1829K, committed 1920K, reserved 1048576K
GC Heap History (10 events):
Event: 13.720 GC heap before
{Heap before GC invocations=13 (full 0):
 PSYoungGen      total 39936K, used 29504K [0x000000016e780000, 0x0000000171b00000, 0x0000000199200000)
  eden space 29184K, 100% used [0x000000016e780000,0x0000000170400000,0x0000000170400000)
  from space 10752K, 2% used [0x0000000171080000,0x00000001710d0000,0x0000000171b00000)
  to   space 11776K, 0% used [0x0000000170400000,0x0000000170400000,0x0000000170f80000)
 ParOldGen       total 87552K, used 15964K [0x0000000119200000, 0x000000011e780000, 0x000000016e780000)
  object space 87552K, 18% used [0x0000000119200000,0x000000011a197008,0x000000011e780000)
 Metaspace       used 15348K, capacity 15546K, committed 15744K, reserved 1062912K
  class space    used 1772K, capacity 1829K, committed 1920K, reserved 1048576K
Event: 13.721 GC heap after
Heap after GC invocations=13 (full 0):
 PSYoungGen      total 29184K, used 288K [0x000000016e780000, 0x0000000171a80000, 0x0000000199200000)
  eden space 28672K, 0% used [0x000000016e780000,0x000000016e780000,0x0000000170380000)
  from space 512K, 56% used [0x0000000170400000,0x0000000170448000,0x0000000170480000)
  to   space 11776K, 0% used [0x0000000170f00000,0x0000000170f00000,0x0000000171a80000)
 ParOldGen       total 87552K, used 15996K [0x0000000119200000, 0x000000011e780000, 0x000000016e780000)
  object space 87552K, 18% used [0x0000000119200000,0x000000011a19f018,0x000000011e780000)
 Metaspace       used 15348K, capacity 15546K, committed 15744K, reserved 1062912K
  class space    used 1772K, capacity 1829K, committed 1920K, reserved 1048576K
}
Event: 14.300 GC heap before
{Heap before GC invocations=14 (full 0):
 PSYoungGen      total 29184K, used 28960K [0x000000016e780000, 0x0000000171a80000, 0x0000000199200000)
  eden space 28672K, 100% used [0x000000016e780000,0x0000000170380000,0x0000000170380000)
  from space 512K, 56% used [0x0000000170400000,0x0000000170448000,0x0000000170480000)
  to   space 11776K, 0% used [0x0000000170f00000,0x0000000170f00000,0x0000000171a80000)
 ParOldGen       total 87552K, used 15996K [0x0000000119200000, 0x000000011e780000, 0x000000016e780000)
  object space 87552K, 18% used [0x0000000119200000,0x000000011a19f018,0x000000011e780000)
 Metaspace       used 15398K, capacity 15546K, committed 15744K, reserved 1062912K
  class space    used 1772K, capacity 1829K, committed 1920K, reserved 1048576K
Event: 14.301 GC heap after
Heap after GC invocations=14 (full 0):
 PSYoungGen      total 38400K, used 288K [0x000000016e780000, 0x0000000171900000, 0x0000000199200000)
  eden space 28160K, 0% used [0x000000016e780000,0x000000016e780000,0x0000000170300000)
  from space 10240K, 2% used [0x0000000170f00000,0x0000000170f48000,0x0000000171900000)
  to   space 11264K, 0% used [0x0000000170300000,0x0000000170300000,0x0000000170e00000)
 ParOldGen       total 87552K, used 16020K [0x0000000119200000, 0x000000011e780000, 0x000000016e780000)
  object space 87552K, 18% used [0x0000000119200000,0x000000011a1a5028,0x000000011e780000)
 Metaspace       used 15398K, capacity 15546K, committed 15744K, reserved 1062912K
  class space    used 1772K, capacity 1829K, committed 1920K, reserved 1048576K
}
Event: 14.922 GC heap before
{Heap before GC invocations=15 (full 0):
 PSYoungGen      total 38400K, used 28448K [0x000000016e780000, 0x0000000171900000, 0x0000000199200000)
  eden space 28160K, 100% used [0x000000016e780000,0x0000000170300000,0x0000000170300000)
  from space 10240K, 2% used [0x0000000170f00000,0x0000000170f48000,0x0000000171900000)
  to   space 11264K, 0% used [0x0000000170300000,0x0000000170300000,0x0000000170e00000)
 ParOldGen       total 87552K, used 16020K [0x0000000119200000, 0x000000011e780000, 0x000000016e780000)
  object space 87552K, 18% used [0x0000000119200000,0x000000011a1a5028,0x000000011e780000)
 Metaspace       used 15485K, capacity 15674K, committed 16000K, reserved 1062912K
  class space    used 1772K, capacity 1829K, committed 1920K, reserved 1048576K
Event: 14.923 GC heap after
Heap after GC invocations=15 (full 0):
 PSYoungGen      total 28160K, used 256K [0x000000016e780000, 0x0000000171780000, 0x0000000199200000)
  eden space 27648K, 0% used [0x000000016e780000,0x000000016e780000,0x0000000170280000)
  from space 512K, 50% used [0x0000000170300000,0x0000000170340000,0x0000000170380000)
  to   space 10752K, 0% used [0x0000000170d00000,0x0000000170d00000,0x0000000171780000)
 ParOldGen       total 87552K, used 16052K [0x0000000119200000, 0x000000011e780000, 0x000000016e780000)
  object space 87552K, 18% used [0x0000000119200000,0x000000011a1ad038,0x000000011e780000)
 Metaspace       used 15485K, capacity 15674K, committed 16000K, reserved 1062912K
  class space    used 1772K, capacity 1829K, committed 1920K, reserved 1048576K
}
Event: 15.611 GC heap before
{Heap before GC invocations=16 (full 0):
 PSYoungGen      total 28160K, used 27904K [0x000000016e780000, 0x0000000171780000, 0x0000000199200000)
  eden space 27648K, 100% used [0x000000016e780000,0x0000000170280000,0x0000000170280000)
  from space 512K, 50% used [0x0000000170300000,0x0000000170340000,0x0000000170380000)
  to   space 10752K, 0% used [0x0000000170d00000,0x0000000170d00000,0x0000000171780000)
 ParOldGen       total 87552K, used 16052K [0x0000000119200000, 0x000000011e780000, 0x000000016e780000)
  object space 87552K, 18% used [0x0000000119200000,0x000000011a1ad038,0x000000011e780000)
 Metaspace       used 15489K, capacity 15674K, committed 16000K, reserved 1062912K
  class space    used 1772K, capacity 1829K, committed 1920K, reserved 1048576K
Event: 15.612 GC heap after
Heap after GC invocations=16 (full 0):
 PSYoungGen      total 36352K, used 288K [0x000000016e780000, 0x0000000171600000, 0x0000000199200000)
  eden space 27136K, 0% used [0x000000016e780000,0x000000016e780000,0x0000000170200000)
  from space 9216K, 3% used [0x0000000170d00000,0x0000000170d48000,0x0000000171600000)
  to   space 10240K, 0% used [0x0000000170200000,0x0000000170200000,0x0000000170c00000)
 ParOldGen       total 87552K, used 16084K [0x0000000119200000, 0x000000011e780000, 0x000000016e780000)
  object space 87552K, 18% used [0x0000000119200000,0x000000011a1b5048,0x000000011e780000)
 Metaspace       used 15489K, capacity 15674K, committed 16000K, reserved 1062912K
  class space    used 1772K, capacity 1829K, committed 1920K, reserved 1048576K
}
Event: 16.269 GC heap before
{Heap before GC invocations=17 (full 0):
 PSYoungGen      total 36352K, used 27424K [0x000000016e780000, 0x0000000171600000, 0x0000000199200000)
  eden space 27136K, 100% used [0x000000016e780000,0x0000000170200000,0x0000000170200000)
  from space 9216K, 3% used [0x0000000170d00000,0x0000000170d48000,0x0000000171600000)
  to   space 10240K, 0% used [0x0000000170200000,0x0000000170200000,0x0000000170c00000)
 ParOldGen       total 87552K, used 16084K [0x0000000119200000, 0x000000011e780000, 0x000000016e780000)
  object space 87552K, 18% used [0x0000000119200000,0x000000011a1b5048,0x000000011e780000)
 Metaspace       used 15490K, capacity 15674K, committed 16000K, reserved 1062912K
  class space    used 1772K, capacity 1829K, committed 1920K, reserved 1048576K
Event: 16.270 GC heap after
Heap after GC invocations=17 (full 0):
 PSYoungGen      total 27136K, used 453K [0x000000016e780000, 0x0000000171580000, 0x0000000199200000)
  eden space 26624K, 0% used [0x000000016e780000,0x000000016e780000,0x0000000170180000)
  from space 512K, 88% used [0x0000000170200000,0x00000001702715e8,0x0000000170280000)
  to   space 10240K, 0% used [0x0000000170b80000,0x0000000170b80000,0x0000000171580000)
 ParOldGen       total 87552K, used 16100K [0x0000000119200000, 0x000000011e780000, 0x000000016e780000)
  object space 87552K, 18% used [0x0000000119200000,0x000000011a1b9058,0x000000011e780000)
 Metaspace       used 15490K, capacity 15674K, committed 16000K, reserved 1062912K
  class space    used 1772K, capacity 1829K, committed 1920K, reserved 1048576K
}

