# JRE version: Java(TM) SE Runtime Environment (8.0_45-b14) (build 1.8.0_45-b14)
# Java VM: Java HotSpot(TM) 64-Bit Server VM (25.45-b02 mixed mode bsd-amd64 compressed oops)
Heap:
 PSYoungGen      total 24576K, used 3797K [0x0000000795580000, 0x0000000797c00000, 0x00000007c0000000)
  eden space 24064K, 14% used [0x0000000795580000,0x00000007958ed528,0x0000000796d00000)
  from space 512K, 56% used [0x0000000796d80000,0x0000000796dc8000,0x0000000796e00000)
  to   space 7680K, 0% used [0x0000000797480000,0x0000000797480000,0x0000000797c00000)
 ParOldGen       total 87552K, used 24479K [0x0000000740000000, 0x0000000745580000, 0x0000000795580000)
  object space 87552K, 27% used [0x0000000740000000,0x00000007417e7fa0,0x0000000745580000)
 Metaspace       used 17011K, capacity 17252K, committed 17536K, reserved 1064960K
  class space    used 2000K, capacity 2098K, committed 2176K, reserved 1048576K
GC Heap History (10 events):
Event: 32.011 GC heap before
{Heap before GC invocations=17 (full 0):
 PSYoungGen      total 34816K, used 26848K [0x0000000795580000, 0x0000000798180000, 0x00000007c0000000)
  eden space 26624K, 100% used [0x0000000795580000,0x0000000796f80000,0x0000000796f80000)
  from space 8192K, 2% used [0x0000000797980000,0x00000007979b8000,0x0000000798180000)
  to   space 9216K, 0% used [0x0000000796f80000,0x0000000796f80000,0x0000000797880000)
 ParOldGen       total 87552K, used 24335K [0x0000000740000000, 0x0000000745580000, 0x0000000795580000)
  object space 87552K, 27% used [0x0000000740000000,0x00000007417c3f50,0x0000000745580000)
 Metaspace       used 16993K, capacity 17252K, committed 17536K, reserved 1064960K
  class space    used 2000K, capacity 2098K, committed 2176K, reserved 1048576K
Event: 32.013 GC heap after
Heap after GC invocations=17 (full 0):
 PSYoungGen      total 26624K, used 256K [0x0000000795580000, 0x0000000798100000, 0x00000007c0000000)
  eden space 26112K, 0% used [0x0000000795580000,0x0000000795580000,0x0000000796f00000)
  from space 512K, 50% used [0x0000000796f80000,0x0000000796fc0000,0x0000000797000000)
  to   space 9216K, 0% used [0x0000000797800000,0x0000000797800000,0x0000000798100000)
 ParOldGen       total 87552K, used 24351K [0x0000000740000000, 0x0000000745580000, 0x0000000795580000)
  object space 87552K, 27% used [0x0000000740000000,0x00000007417c7f60,0x0000000745580000)
 Metaspace       used 16993K, capacity 17252K, committed 17536K, reserved 1064960K
  class space    used 2000K, capacity 2098K, committed 2176K, reserved 1048576K
}
Event: 34.841 GC heap before
{Heap before GC invocations=18 (full 0):
 PSYoungGen      total 26624K, used 26368K [0x0000000795580000, 0x0000000798100000, 0x00000007c0000000)
  eden space 26112K, 100% used [0x0000000795580000,0x0000000796f00000,0x0000000796f00000)
  from space 512K, 50% used [0x0000000796f80000,0x0000000796fc0000,0x0000000797000000)
  to   space 9216K, 0% used [0x0000000797800000,0x0000000797800000,0x0000000798100000)
 ParOldGen       total 87552K, used 24351K [0x0000000740000000, 0x0000000745580000, 0x0000000795580000)
  object space 87552K, 27% used [0x0000000740000000,0x00000007417c7f60,0x0000000745580000)
 Metaspace       used 16993K, capacity 17252K, committed 17536K, reserved 1064960K
  class space    used 2000K, capacity 2098K, committed 2176K, reserved 1048576K
Event: 34.842 GC heap after
Heap after GC invocations=18 (full 0):
 PSYoungGen      total 33280K, used 320K [0x0000000795580000, 0x0000000797f80000, 0x00000007c0000000)
  eden space 25600K, 0% used [0x0000000795580000,0x0000000795580000,0x0000000796e80000)
  from space 7680K, 4% used [0x0000000797800000,0x0000000797850000,0x0000000797f80000)
  to   space 8704K, 0% used [0x0000000796e80000,0x0000000796e80000,0x0000000797700000)
 ParOldGen       total 87552K, used 24383K [0x0000000740000000, 0x0000000745580000, 0x0000000795580000)
  object space 87552K, 27% used [0x0000000740000000,0x00000007417cff70,0x0000000745580000)
 Metaspace       used 16993K, capacity 17252K, committed 17536K, reserved 1064960K
  class space    used 2000K, capacity 2098K, committed 2176K, reserved 1048576K
}
Event: 35.649 GC heap before
{Heap before GC invocations=19 (full 0):
 PSYoungGen      total 33280K, used 25920K [0x0000000795580000, 0x0000000797f80000, 0x00000007c0000000)
  eden space 25600K, 100% used [0x0000000795580000,0x0000000796e80000,0x0000000796e80000)
  from space 7680K, 4% used [0x0000000797800000,0x0000000797850000,0x0000000797f80000)
  to   space 8704K, 0% used [0x0000000796e80000,0x0000000796e80000,0x0000000797700000)
 ParOldGen       total 87552K, used 24383K [0x0000000740000000, 0x0000000745580000, 0x0000000795580000)
  object space 87552K, 27% used [0x0000000740000000,0x00000007417cff70,0x0000000745580000)
 Metaspace       used 16994K, capacity 17252K, committed 17536K, reserved 1064960K
  class space    used 2000K, capacity 2098K, committed 2176K, reserved 1048576K
Event: 35.650 GC heap after
Heap after GC invocations=19 (full 0):
 PSYoungGen      total 25600K, used 224K [0x0000000795580000, 0x0000000797e00000, 0x00000007c0000000)
  eden space 25088K, 0% used [0x0000000795580000,0x0000000795580000,0x0000000796e00000)
  from space 512K, 43% used [0x0000000796e80000,0x0000000796eb8000,0x0000000796f00000)
  to   space 8192K, 0% used [0x0000000797600000,0x0000000797600000,0x0000000797e00000)
 ParOldGen       total 87552K, used 24415K [0x0000000740000000, 0x0000000745580000, 0x0000000795580000)
  object space 87552K, 27% used [0x0000000740000000,0x00000007417d7f80,0x0000000745580000)
 Metaspace       used 16994K, capacity 17252K, committed 17536K, reserved 1064960K
  class space    used 2000K, capacity 2098K, committed 2176K, reserved 1048576K
}
Event: 36.579 GC heap before
{Heap before GC invocations=20 (full 0):
 PSYoungGen      total 25600K, used 25312K [0x0000000795580000, 0x0000000797e00000, 0x00000007c0000000)
  eden space 25088K, 100% used [0x0000000795580000,0x0000000796e00000,0x0000000796e00000)
  from space 512K, 43% used [0x0000000796e80000,0x0000000796eb8000,0x0000000796f00000)
  to   space 8192K, 0% used [0x0000000797600000,0x0000000797600000,0x0000000797e00000)
 ParOldGen       total 87552K, used 24415K [0x0000000740000000, 0x0000000745580000, 0x0000000795580000)
  object space 87552K, 27% used [0x0000000740000000,0x00000007417d7f80,0x0000000745580000)
 Metaspace       used 17000K, capacity 17252K, committed 17536K, reserved 1064960K
  class space    used 2000K, capacity 2098K, committed 2176K, reserved 1048576K
Event: 36.581 GC heap after
Heap after GC invocations=20 (full 0):
 PSYoungGen      total 32256K, used 288K [0x0000000795580000, 0x0000000797d80000, 0x00000007c0000000)
  eden space 24576K, 0% used [0x0000000795580000,0x0000000795580000,0x0000000796d80000)
  from space 7680K, 3% used [0x0000000797600000,0x0000000797648000,0x0000000797d80000)
  to   space 8192K, 0% used [0x0000000796d80000,0x0000000796d80000,0x0000000797580000)
 ParOldGen       total 87552K, used 24447K [0x0000000740000000, 0x0000000745580000, 0x0000000795580000)
  object space 87552K, 27% used [0x0000000740000000,0x00000007417dff90,0x0000000745580000)
 Metaspace       used 17000K, capacity 17252K, committed 17536K, reserved 1064960K
  class space    used 2000K, capacity 2098K, committed 2176K, reserved 1048576K
}
Event: 37.295 GC heap before
{Heap before GC invocations=21 (full 0):
 PSYoungGen      total 32256K, used 24864K [0x0000000795580000, 0x0000000797d80000, 0x00000007c0000000)
  eden space 24576K, 100% used [0x0000000795580000,0x0000000796d80000,0x0000000796d80000)
  from space 7680K, 3% used [0x0000000797600000,0x0000000797648000,0x0000000797d80000)
  to   space 8192K, 0% used [0x0000000796d80000,0x0000000796d80000,0x0000000797580000)
 ParOldGen       total 87552K, used 24447K [0x0000000740000000, 0x0000000745580000, 0x0000000795580000)
  object space 87552K, 27% used [0x0000000740000000,0x00000007417dff90,0x0000000745580000)
 Metaspace       used 17006K, capacity 17252K, committed 17536K, reserved 1064960K
  class space    used 2000K, capacity 2098K, committed 2176K, reserved 1048576K
Event: 37.297 GC heap after
Heap after GC invocations=21 (full 0):
 PSYoungGen      total 24576K, used 288K [0x0000000795580000, 0x0000000797c00000, 0x00000007c0000000)
  eden space 24064K, 0% used [0x0000000795580000,0x0000000795580000,0x0000000796d00000)
  from space 512K, 56% used [0x0000000796d80000,0x0000000796dc8000,0x0000000796e00000)
  to   space 7680K, 0% used [0x0000000797480000,0x0000000797480000,0x0000000797c00000)
 ParOldGen       total 87552K, used 24479K [0x0000000740000000, 0x0000000745580000, 0x0000000795580000)
  object space 87552K, 27% used [0x0000000740000000,0x00000007417e7fa0,0x0000000745580000)
 Metaspace       used 17006K, capacity 17252K, committed 17536K, reserved 1064960K
  class space    used 2000K, capacity 2098K, committed 2176K, reserved 1048576K
}

