# JRE version: Java(TM) SE Runtime Environment (8.0_45-b14) (build 1.8.0_45-b14)
# Java VM: Java HotSpot(TM) 64-Bit Server VM (25.45-b02 mixed mode bsd-amd64 compressed oops)
Heap:
 PSYoungGen      total 31232K, used 8559K [0x0000000795580000, 0x0000000798b80000, 0x00000007c0000000)
  eden space 30720K, 26% used [0x0000000795580000,0x0000000795d8bc68,0x0000000797380000)
  from space 512K, 62% used [0x0000000797400000,0x0000000797450000,0x0000000797480000)
  to   space 12288K, 0% used [0x0000000797f80000,0x0000000797f80000,0x0000000798b80000)
 ParOldGen       total 87552K, used 13365K [0x0000000740000000, 0x0000000745580000, 0x0000000795580000)
  object space 87552K, 15% used [0x0000000740000000,0x0000000740d0d798,0x0000000745580000)
 Metaspace       used 15326K, capacity 15482K, committed 15744K, reserved 1062912K
  class space    used 1776K, capacity 1829K, committed 1920K, reserved 1048576K
GC Heap History (10 events):
Event: 11.221 GC heap before
{Heap before GC invocations=5 (full 0):
 PSYoungGen      total 38400K, used 36126K [0x0000000795580000, 0x0000000798000000, 0x00000007c0000000)
  eden space 33280K, 100% used [0x0000000795580000,0x0000000797600000,0x0000000797600000)
  from space 5120K, 55% used [0x0000000797b00000,0x0000000797dc7a00,0x0000000798000000)
  to   space 5120K, 0% used [0x0000000797600000,0x0000000797600000,0x0000000797b00000)
 ParOldGen       total 87552K, used 8288K [0x0000000740000000, 0x0000000745580000, 0x0000000795580000)
  object space 87552K, 9% used [0x0000000740000000,0x0000000740818320,0x0000000745580000)
 Metaspace       used 15251K, capacity 15418K, committed 15744K, reserved 1062912K
  class space    used 1775K, capacity 1829K, committed 1920K, reserved 1048576K
Event: 11.224 GC heap after
Heap after GC invocations=5 (full 0):
 PSYoungGen      total 37888K, used 2846K [0x0000000795580000, 0x0000000798d80000, 0x00000007c0000000)
  eden space 32768K, 0% used [0x0000000795580000,0x0000000795580000,0x0000000797580000)
  from space 5120K, 55% used [0x0000000797600000,0x00000007978c7a00,0x0000000797b00000)
  to   space 12288K, 0% used [0x0000000798180000,0x0000000798180000,0x0000000798d80000)
 ParOldGen       total 87552K, used 8296K [0x0000000740000000, 0x0000000745580000, 0x0000000795580000)
  object space 87552K, 9% used [0x0000000740000000,0x000000074081a320,0x0000000745580000)
 Metaspace       used 15251K, capacity 15418K, committed 15744K, reserved 1062912K
  class space    used 1775K, capacity 1829K, committed 1920K, reserved 1048576K
}
Event: 11.852 GC heap before
{Heap before GC invocations=6 (full 0):
 PSYoungGen      total 37888K, used 35614K [0x0000000795580000, 0x0000000798d80000, 0x00000007c0000000)
  eden space 32768K, 100% used [0x0000000795580000,0x0000000797580000,0x0000000797580000)
  from space 5120K, 55% used [0x0000000797600000,0x00000007978c7a00,0x0000000797b00000)
  to   space 12288K, 0% used [0x0000000798180000,0x0000000798180000,0x0000000798d80000)
 ParOldGen       total 87552K, used 8296K [0x0000000740000000, 0x0000000745580000, 0x0000000795580000)
  object space 87552K, 9% used [0x0000000740000000,0x000000074081a320,0x0000000745580000)
 Metaspace       used 15264K, capacity 15418K, committed 15744K, reserved 1062912K
  class space    used 1775K, capacity 1829K, committed 1920K, reserved 1048576K
Event: 11.857 GC heap after
Heap after GC invocations=6 (full 0):
 PSYoungGen      total 43008K, used 5435K [0x0000000795580000, 0x0000000798c00000, 0x00000007c0000000)
  eden space 32256K, 0% used [0x0000000795580000,0x0000000795580000,0x0000000797500000)
  from space 10752K, 50% used [0x0000000798180000,0x00000007986cede0,0x0000000798c00000)
  to   space 11776K, 0% used [0x0000000797500000,0x0000000797500000,0x0000000798080000)
 ParOldGen       total 87552K, used 8304K [0x0000000740000000, 0x0000000745580000, 0x0000000795580000)
  object space 87552K, 9% used [0x0000000740000000,0x000000074081c320,0x0000000745580000)
 Metaspace       used 15264K, capacity 15418K, committed 15744K, reserved 1062912K
  class space    used 1775K, capacity 1829K, committed 1920K, reserved 1048576K
}
Event: 12.525 GC heap before
{Heap before GC invocations=7 (full 0):
 PSYoungGen      total 43008K, used 37691K [0x0000000795580000, 0x0000000798c00000, 0x00000007c0000000)
  eden space 32256K, 100% used [0x0000000795580000,0x0000000797500000,0x0000000797500000)
  from space 10752K, 50% used [0x0000000798180000,0x00000007986cede0,0x0000000798c00000)
  to   space 11776K, 0% used [0x0000000797500000,0x0000000797500000,0x0000000798080000)
 ParOldGen       total 87552K, used 8304K [0x0000000740000000, 0x0000000745580000, 0x0000000795580000)
  object space 87552K, 9% used [0x0000000740000000,0x000000074081c320,0x0000000745580000)
 Metaspace       used 15283K, capacity 15482K, committed 15744K, reserved 1062912K
  class space    used 1775K, capacity 1829K, committed 1920K, reserved 1048576K
Event: 12.531 GC heap after
Heap after GC invocations=7 (full 0):
 PSYoungGen      total 32256K, used 480K [0x0000000795580000, 0x0000000798b80000, 0x00000007c0000000)
  eden space 31744K, 0% used [0x0000000795580000,0x0000000795580000,0x0000000797480000)
  from space 512K, 93% used [0x0000000797500000,0x0000000797578000,0x0000000797580000)
  to   space 11776K, 0% used [0x0000000798000000,0x0000000798000000,0x0000000798b80000)
 ParOldGen       total 87552K, used 13309K [0x0000000740000000, 0x0000000745580000, 0x0000000795580000)
  object space 87552K, 15% used [0x0000000740000000,0x0000000740cff798,0x0000000745580000)
 Metaspace       used 15283K, capacity 15482K, committed 15744K, reserved 1062912K
  class space    used 1775K, capacity 1829K, committed 1920K, reserved 1048576K
}
Event: 13.271 GC heap before
{Heap before GC invocations=8 (full 0):
 PSYoungGen      total 32256K, used 32224K [0x0000000795580000, 0x0000000798b80000, 0x00000007c0000000)
  eden space 31744K, 100% used [0x0000000795580000,0x0000000797480000,0x0000000797480000)
  from space 512K, 93% used [0x0000000797500000,0x0000000797578000,0x0000000797580000)
  to   space 11776K, 0% used [0x0000000798000000,0x0000000798000000,0x0000000798b80000)
 ParOldGen       total 87552K, used 13309K [0x0000000740000000, 0x0000000745580000, 0x0000000795580000)
  object space 87552K, 15% used [0x0000000740000000,0x0000000740cff798,0x0000000745580000)
 Metaspace       used 15322K, capacity 15482K, committed 15744K, reserved 1062912K
  class space    used 1775K, capacity 1829K, committed 1920K, reserved 1048576K
Event: 13.272 GC heap after
Heap after GC invocations=8 (full 0):
 PSYoungGen      total 43008K, used 352K [0x0000000795580000, 0x0000000798c00000, 0x00000007c0000000)
  eden space 31232K, 0% used [0x0000000795580000,0x0000000795580000,0x0000000797400000)
  from space 11776K, 2% used [0x0000000798000000,0x0000000798058010,0x0000000798b80000)
  to   space 12288K, 0% used [0x0000000797400000,0x0000000797400000,0x0000000798000000)
 ParOldGen       total 87552K, used 13341K [0x0000000740000000, 0x0000000745580000, 0x0000000795580000)
  object space 87552K, 15% used [0x0000000740000000,0x0000000740d07798,0x0000000745580000)
 Metaspace       used 15322K, capacity 15482K, committed 15744K, reserved 1062912K
  class space    used 1775K, capacity 1829K, committed 1920K, reserved 1048576K
}
Event: 14.367 GC heap before
{Heap before GC invocations=9 (full 0):
 PSYoungGen      total 43008K, used 31584K [0x0000000795580000, 0x0000000798c00000, 0x00000007c0000000)
  eden space 31232K, 100% used [0x0000000795580000,0x0000000797400000,0x0000000797400000)
  from space 11776K, 2% used [0x0000000798000000,0x0000000798058010,0x0000000798b80000)
  to   space 12288K, 0% used [0x0000000797400000,0x0000000797400000,0x0000000798000000)
 ParOldGen       total 87552K, used 13341K [0x0000000740000000, 0x0000000745580000, 0x0000000795580000)
  object space 87552K, 15% used [0x0000000740000000,0x0000000740d07798,0x0000000745580000)
 Metaspace       used 15325K, capacity 15482K, committed 15744K, reserved 1062912K
  class space    used 1775K, capacity 1829K, committed 1920K, reserved 1048576K
Event: 14.369 GC heap after
Heap after GC invocations=9 (full 0):
 PSYoungGen      total 31232K, used 320K [0x0000000795580000, 0x0000000798b80000, 0x00000007c0000000)
  eden space 30720K, 0% used [0x0000000795580000,0x0000000795580000,0x0000000797380000)
  from space 512K, 62% used [0x0000000797400000,0x0000000797450000,0x0000000797480000)
  to   space 12288K, 0% used [0x0000000797f80000,0x0000000797f80000,0x0000000798b80000)
 ParOldGen       total 87552K, used 13365K [0x0000000740000000, 0x0000000745580000, 0x0000000795580000)
  object space 87552K, 15% used [0x0000000740000000,0x0000000740d0d798,0x0000000745580000)
 Metaspace       used 15325K, capacity 15482K, committed 15744K, reserved 1062912K
  class space    used 1775K, capacity 1829K, committed 1920K, reserved 1048576K
}

