# JRE version: Java(TM) SE Runtime Environment (8.0_45-b14) (build 1.8.0_45-b14)
# Java VM: Java HotSpot(TM) 64-Bit Server VM (25.45-b02 mixed mode bsd-amd64 compressed oops)
Heap:
 PSYoungGen      total 24576K, used 20319K [0x0000000795580000, 0x0000000797c00000, 0x00000007c0000000)
  eden space 24064K, 83% used [0x0000000795580000,0x0000000796907c18,0x0000000796d00000)
  from space 512K, 62% used [0x0000000796d00000,0x0000000796d50000,0x0000000796d80000)
  to   space 7680K, 0% used [0x0000000797480000,0x0000000797480000,0x0000000797c00000)
 ParOldGen       total 87552K, used 28851K [0x0000000740000000, 0x0000000745580000, 0x0000000795580000)
  object space 87552K, 32% used [0x0000000740000000,0x0000000741c2cd60,0x0000000745580000)
 Metaspace       used 17079K, capacity 17280K, committed 17536K, reserved 1064960K
  class space    used 1986K, capacity 2066K, committed 2176K, reserved 1048576K
GC Heap History (10 events):
Event: 20.046 GC heap before
{Heap before GC invocations=21 (full 0):
 PSYoungGen      total 33792K, used 25376K [0x0000000795580000, 0x0000000798100000, 0x00000007c0000000)
  eden space 25088K, 100% used [0x0000000795580000,0x0000000796e00000,0x0000000796e00000)
  from space 8704K, 3% used [0x0000000797880000,0x00000007978c8000,0x0000000798100000)
  to   space 9728K, 0% used [0x0000000796e00000,0x0000000796e00000,0x0000000797780000)
 ParOldGen       total 87552K, used 28683K [0x0000000740000000, 0x0000000745580000, 0x0000000795580000)
  object space 87552K, 32% used [0x0000000740000000,0x0000000741c02d10,0x0000000745580000)
 Metaspace       used 17043K, capacity 17280K, committed 17536K, reserved 1064960K
  class space    used 1986K, capacity 2066K, committed 2176K, reserved 1048576K
Event: 20.047 GC heap after
Heap after GC invocations=21 (full 0):
 PSYoungGen      total 25088K, used 320K [0x0000000795580000, 0x0000000797f80000, 0x00000007c0000000)
  eden space 24576K, 0% used [0x0000000795580000,0x0000000795580000,0x0000000796d80000)
  from space 512K, 62% used [0x0000000796e00000,0x0000000796e50000,0x0000000796e80000)
  to   space 9216K, 0% used [0x0000000797680000,0x0000000797680000,0x0000000797f80000)
 ParOldGen       total 87552K, used 28707K [0x0000000740000000, 0x0000000745580000, 0x0000000795580000)
  object space 87552K, 32% used [0x0000000740000000,0x0000000741c08d20,0x0000000745580000)
 Metaspace       used 17043K, capacity 17280K, committed 17536K, reserved 1064960K
  class space    used 1986K, capacity 2066K, committed 2176K, reserved 1048576K
}
Event: 20.569 GC heap before
{Heap before GC invocations=22 (full 0):
 PSYoungGen      total 25088K, used 24896K [0x0000000795580000, 0x0000000797f80000, 0x00000007c0000000)
  eden space 24576K, 100% used [0x0000000795580000,0x0000000796d80000,0x0000000796d80000)
  from space 512K, 62% used [0x0000000796e00000,0x0000000796e50000,0x0000000796e80000)
  to   space 9216K, 0% used [0x0000000797680000,0x0000000797680000,0x0000000797f80000)
 ParOldGen       total 87552K, used 28707K [0x0000000740000000, 0x0000000745580000, 0x0000000795580000)
  object space 87552K, 32% used [0x0000000740000000,0x0000000741c08d20,0x0000000745580000)
 Metaspace       used 17045K, capacity 17280K, committed 17536K, reserved 1064960K
  class space    used 1986K, capacity 2066K, committed 2176K, reserved 1048576K
Event: 20.570 GC heap after
Heap after GC invocations=22 (full 0):
 PSYoungGen      total 31744K, used 320K [0x0000000795580000, 0x0000000797e00000, 0x00000007c0000000)
  eden space 24064K, 0% used [0x0000000795580000,0x0000000795580000,0x0000000796d00000)
  from space 7680K, 4% used [0x0000000797680000,0x00000007976d0000,0x0000000797e00000)
  to   space 8704K, 0% used [0x0000000796d00000,0x0000000796d00000,0x0000000797580000)
 ParOldGen       total 87552K, used 28747K [0x0000000740000000, 0x0000000745580000, 0x0000000795580000)
  object space 87552K, 32% used [0x0000000740000000,0x0000000741c12d30,0x0000000745580000)
 Metaspace       used 17045K, capacity 17280K, committed 17536K, reserved 1064960K
  class space    used 1986K, capacity 2066K, committed 2176K, reserved 1048576K
}
Event: 21.103 GC heap before
{Heap before GC invocations=23 (full 0):
 PSYoungGen      total 31744K, used 24384K [0x0000000795580000, 0x0000000797e00000, 0x00000007c0000000)
  eden space 24064K, 100% used [0x0000000795580000,0x0000000796d00000,0x0000000796d00000)
  from space 7680K, 4% used [0x0000000797680000,0x00000007976d0000,0x0000000797e00000)
  to   space 8704K, 0% used [0x0000000796d00000,0x0000000796d00000,0x0000000797580000)
 ParOldGen       total 87552K, used 28747K [0x0000000740000000, 0x0000000745580000, 0x0000000795580000)
  object space 87552K, 32% used [0x0000000740000000,0x0000000741c12d30,0x0000000745580000)
 Metaspace       used 17045K, capacity 17280K, committed 17536K, reserved 1064960K
  class space    used 1986K, capacity 2066K, committed 2176K, reserved 1048576K
Event: 21.104 GC heap after
Heap after GC invocations=23 (full 0):
 PSYoungGen      total 24576K, used 256K [0x0000000795580000, 0x0000000797d00000, 0x00000007c0000000)
  eden space 24064K, 0% used [0x0000000795580000,0x0000000795580000,0x0000000796d00000)
  from space 512K, 50% used [0x0000000796d00000,0x0000000796d40000,0x0000000796d80000)
  to   space 8192K, 0% used [0x0000000797500000,0x0000000797500000,0x0000000797d00000)
 ParOldGen       total 87552K, used 28779K [0x0000000740000000, 0x0000000745580000, 0x0000000795580000)
  object space 87552K, 32% used [0x0000000740000000,0x0000000741c1ad40,0x0000000745580000)
 Metaspace       used 17045K, capacity 17280K, committed 17536K, reserved 1064960K
  class space    used 1986K, capacity 2066K, committed 2176K, reserved 1048576K
}
Event: 21.609 GC heap before
{Heap before GC invocations=24 (full 0):
 PSYoungGen      total 24576K, used 24320K [0x0000000795580000, 0x0000000797d00000, 0x00000007c0000000)
  eden space 24064K, 100% used [0x0000000795580000,0x0000000796d00000,0x0000000796d00000)
  from space 512K, 50% used [0x0000000796d00000,0x0000000796d40000,0x0000000796d80000)
  to   space 8192K, 0% used [0x0000000797500000,0x0000000797500000,0x0000000797d00000)
 ParOldGen       total 87552K, used 28779K [0x0000000740000000, 0x0000000745580000, 0x0000000795580000)
  object space 87552K, 32% used [0x0000000740000000,0x0000000741c1ad40,0x0000000745580000)
 Metaspace       used 17077K, capacity 17280K, committed 17536K, reserved 1064960K
  class space    used 1986K, capacity 2066K, committed 2176K, reserved 1048576K
Event: 21.610 GC heap after
Heap after GC invocations=24 (full 0):
 PSYoungGen      total 32256K, used 256K [0x0000000795580000, 0x0000000797d00000, 0x00000007c0000000)
  eden space 24064K, 0% used [0x0000000795580000,0x0000000795580000,0x0000000796d00000)
  from space 8192K, 3% used [0x0000000797500000,0x0000000797540000,0x0000000797d00000)
  to   space 8192K, 0% used [0x0000000796d00000,0x0000000796d00000,0x0000000797500000)
 ParOldGen       total 87552K, used 28811K [0x0000000740000000, 0x0000000745580000, 0x0000000795580000)
  object space 87552K, 32% used [0x0000000740000000,0x0000000741c22d50,0x0000000745580000)
 Metaspace       used 17077K, capacity 17280K, committed 17536K, reserved 1064960K
  class space    used 1986K, capacity 2066K, committed 2176K, reserved 1048576K
}
Event: 22.717 GC heap before
{Heap before GC invocations=25 (full 0):
 PSYoungGen      total 32256K, used 24320K [0x0000000795580000, 0x0000000797d00000, 0x00000007c0000000)
  eden space 24064K, 100% used [0x0000000795580000,0x0000000796d00000,0x0000000796d00000)
  from space 8192K, 3% used [0x0000000797500000,0x0000000797540000,0x0000000797d00000)
  to   space 8192K, 0% used [0x0000000796d00000,0x0000000796d00000,0x0000000797500000)
 ParOldGen       total 87552K, used 28811K [0x0000000740000000, 0x0000000745580000, 0x0000000795580000)
  object space 87552K, 32% used [0x0000000740000000,0x0000000741c22d50,0x0000000745580000)
 Metaspace       used 17077K, capacity 17280K, committed 17536K, reserved 1064960K
  class space    used 1986K, capacity 2066K, committed 2176K, reserved 1048576K
Event: 22.718 GC heap after
Heap after GC invocations=25 (full 0):
 PSYoungGen      total 24576K, used 320K [0x0000000795580000, 0x0000000797c00000, 0x00000007c0000000)
  eden space 24064K, 0% used [0x0000000795580000,0x0000000795580000,0x0000000796d00000)
  from space 512K, 62% used [0x0000000796d00000,0x0000000796d50000,0x0000000796d80000)
  to   space 7680K, 0% used [0x0000000797480000,0x0000000797480000,0x0000000797c00000)
 ParOldGen       total 87552K, used 28851K [0x0000000740000000, 0x0000000745580000, 0x0000000795580000)
  object space 87552K, 32% used [0x0000000740000000,0x0000000741c2cd60,0x0000000745580000)
 Metaspace       used 17077K, capacity 17280K, committed 17536K, reserved 1064960K
  class space    used 1986K, capacity 2066K, committed 2176K, reserved 1048576K
}

