# JRE version: Java(TM) SE Runtime Environment (8.0_45-b14) (build 1.8.0_45-b14)
# Java VM: Java HotSpot(TM) 64-Bit Server VM (25.45-b02 mixed mode bsd-amd64 compressed oops)
Heap:
 PSYoungGen      total 44544K, used 14981K [0x0000000795580000, 0x0000000798f80000, 0x00000007c0000000)
  eden space 30720K, 47% used [0x0000000795580000,0x00000007963d1680,0x0000000797380000)
  from space 13824K, 2% used [0x0000000797400000,0x0000000797450000,0x0000000798180000)
  to   space 14336K, 0% used [0x0000000798180000,0x0000000798180000,0x0000000798f80000)
 ParOldGen       total 87552K, used 22195K [0x0000000740000000, 0x0000000745580000, 0x0000000795580000)
  object space 87552K, 25% used [0x0000000740000000,0x00000007415ace98,0x0000000745580000)
 Metaspace       used 15285K, capacity 15478K, committed 15744K, reserved 1062912K
  class space    used 1776K, capacity 1829K, committed 1920K, reserved 1048576K
GC Heap History (10 events):
Event: 13.623 GC heap before
{Heap before GC invocations=5 (full 0):
 PSYoungGen      total 38400K, used 37308K [0x0000000795580000, 0x0000000798000000, 0x00000007c0000000)
  eden space 33280K, 100% used [0x0000000795580000,0x0000000797600000,0x0000000797600000)
  from space 5120K, 78% used [0x0000000797b00000,0x0000000797eef3e0,0x0000000798000000)
  to   space 5120K, 0% used [0x0000000797600000,0x0000000797600000,0x0000000797b00000)
 ParOldGen       total 87552K, used 10833K [0x0000000740000000, 0x0000000745580000, 0x0000000795580000)
  object space 87552K, 12% used [0x0000000740000000,0x0000000740a94780,0x0000000745580000)
 Metaspace       used 15205K, capacity 15414K, committed 15744K, reserved 1062912K
  class space    used 1775K, capacity 1829K, committed 1920K, reserved 1048576K
Event: 13.625 GC heap after
Heap after GC invocations=5 (full 0):
 PSYoungGen      total 37888K, used 5099K [0x0000000795580000, 0x0000000798c80000, 0x00000007c0000000)
  eden space 32768K, 0% used [0x0000000795580000,0x0000000795580000,0x0000000797580000)
  from space 5120K, 99% used [0x0000000797600000,0x0000000797afadd0,0x0000000797b00000)
  to   space 11776K, 0% used [0x0000000798100000,0x0000000798100000,0x0000000798c80000)
 ParOldGen       total 87552K, used 12208K [0x0000000740000000, 0x0000000745580000, 0x0000000795580000)
  object space 87552K, 13% used [0x0000000740000000,0x0000000740bec270,0x0000000745580000)
 Metaspace       used 15205K, capacity 15414K, committed 15744K, reserved 1062912K
  class space    used 1775K, capacity 1829K, committed 1920K, reserved 1048576K
}
Event: 14.396 GC heap before
{Heap before GC invocations=6 (full 0):
 PSYoungGen      total 37888K, used 37867K [0x0000000795580000, 0x0000000798c80000, 0x00000007c0000000)
  eden space 32768K, 100% used [0x0000000795580000,0x0000000797580000,0x0000000797580000)
  from space 5120K, 99% used [0x0000000797600000,0x0000000797afadd0,0x0000000797b00000)
  to   space 11776K, 0% used [0x0000000798100000,0x0000000798100000,0x0000000798c80000)
 ParOldGen       total 87552K, used 12208K [0x0000000740000000, 0x0000000745580000, 0x0000000795580000)
  object space 87552K, 13% used [0x0000000740000000,0x0000000740bec270,0x0000000745580000)
 Metaspace       used 15221K, capacity 15414K, committed 15744K, reserved 1062912K
  class space    used 1775K, capacity 1829K, committed 1920K, reserved 1048576K
Event: 14.402 GC heap after
Heap after GC invocations=6 (full 0):
 PSYoungGen      total 44032K, used 10245K [0x0000000795580000, 0x0000000798d00000, 0x00000007c0000000)
  eden space 32256K, 0% used [0x0000000795580000,0x0000000795580000,0x0000000797500000)
  from space 11776K, 87% used [0x0000000798100000,0x0000000798b01590,0x0000000798c80000)
  to   space 12288K, 0% used [0x0000000797500000,0x0000000797500000,0x0000000798100000)
 ParOldGen       total 87552K, used 12216K [0x0000000740000000, 0x0000000745580000, 0x0000000795580000)
  object space 87552K, 13% used [0x0000000740000000,0x0000000740bee270,0x0000000745580000)
 Metaspace       used 15221K, capacity 15414K, committed 15744K, reserved 1062912K
  class space    used 1775K, capacity 1829K, committed 1920K, reserved 1048576K
}
Event: 15.063 GC heap before
{Heap before GC invocations=7 (full 0):
 PSYoungGen      total 44032K, used 42501K [0x0000000795580000, 0x0000000798d00000, 0x00000007c0000000)
  eden space 32256K, 100% used [0x0000000795580000,0x0000000797500000,0x0000000797500000)
  from space 11776K, 87% used [0x0000000798100000,0x0000000798b01590,0x0000000798c80000)
  to   space 12288K, 0% used [0x0000000797500000,0x0000000797500000,0x0000000798100000)
 ParOldGen       total 87552K, used 12216K [0x0000000740000000, 0x0000000745580000, 0x0000000795580000)
  object space 87552K, 13% used [0x0000000740000000,0x0000000740bee270,0x0000000745580000)
 Metaspace       used 15239K, capacity 15414K, committed 15744K, reserved 1062912K
  class space    used 1775K, capacity 1829K, committed 1920K, reserved 1048576K
Event: 15.069 GC heap after
Heap after GC invocations=7 (full 0):
 PSYoungGen      total 44032K, used 448K [0x0000000795580000, 0x0000000798e80000, 0x00000007c0000000)
  eden space 31744K, 0% used [0x0000000795580000,0x0000000795580000,0x0000000797480000)
  from space 12288K, 3% used [0x0000000797500000,0x0000000797570000,0x0000000798100000)
  to   space 13312K, 0% used [0x0000000798180000,0x0000000798180000,0x0000000798e80000)
 ParOldGen       total 87552K, used 22139K [0x0000000740000000, 0x0000000745580000, 0x0000000795580000)
  object space 87552K, 25% used [0x0000000740000000,0x000000074159ee98,0x0000000745580000)
 Metaspace       used 15239K, capacity 15414K, committed 15744K, reserved 1062912K
  class space    used 1775K, capacity 1829K, committed 1920K, reserved 1048576K
}
Event: 15.679 GC heap before
{Heap before GC invocations=8 (full 0):
 PSYoungGen      total 44032K, used 32192K [0x0000000795580000, 0x0000000798e80000, 0x00000007c0000000)
  eden space 31744K, 100% used [0x0000000795580000,0x0000000797480000,0x0000000797480000)
  from space 12288K, 3% used [0x0000000797500000,0x0000000797570000,0x0000000798100000)
  to   space 13312K, 0% used [0x0000000798180000,0x0000000798180000,0x0000000798e80000)
 ParOldGen       total 87552K, used 22139K [0x0000000740000000, 0x0000000745580000, 0x0000000795580000)
  object space 87552K, 25% used [0x0000000740000000,0x000000074159ee98,0x0000000745580000)
 Metaspace       used 15281K, capacity 15478K, committed 15744K, reserved 1062912K
  class space    used 1775K, capacity 1829K, committed 1920K, reserved 1048576K
Event: 15.679 GC heap after
Heap after GC invocations=8 (full 0):
 PSYoungGen      total 44544K, used 352K [0x0000000795580000, 0x0000000798f00000, 0x00000007c0000000)
  eden space 31232K, 0% used [0x0000000795580000,0x0000000795580000,0x0000000797400000)
  from space 13312K, 2% used [0x0000000798180000,0x00000007981d8000,0x0000000798e80000)
  to   space 13824K, 0% used [0x0000000797400000,0x0000000797400000,0x0000000798180000)
 ParOldGen       total 87552K, used 22171K [0x0000000740000000, 0x0000000745580000, 0x0000000795580000)
  object space 87552K, 25% used [0x0000000740000000,0x00000007415a6e98,0x0000000745580000)
 Metaspace       used 15281K, capacity 15478K, committed 15744K, reserved 1062912K
  class space    used 1775K, capacity 1829K, committed 1920K, reserved 1048576K
}
Event: 16.401 GC heap before
{Heap before GC invocations=9 (full 0):
 PSYoungGen      total 44544K, used 31584K [0x0000000795580000, 0x0000000798f00000, 0x00000007c0000000)
  eden space 31232K, 100% used [0x0000000795580000,0x0000000797400000,0x0000000797400000)
  from space 13312K, 2% used [0x0000000798180000,0x00000007981d8000,0x0000000798e80000)
  to   space 13824K, 0% used [0x0000000797400000,0x0000000797400000,0x0000000798180000)
 ParOldGen       total 87552K, used 22171K [0x0000000740000000, 0x0000000745580000, 0x0000000795580000)
  object space 87552K, 25% used [0x0000000740000000,0x00000007415a6e98,0x0000000745580000)
 Metaspace       used 15284K, capacity 15478K, committed 15744K, reserved 1062912K
  class space    used 1775K, capacity 1829K, committed 1920K, reserved 1048576K
Event: 16.402 GC heap after
Heap after GC invocations=9 (full 0):
 PSYoungGen      total 44544K, used 320K [0x0000000795580000, 0x0000000798f80000, 0x00000007c0000000)
  eden space 30720K, 0% used [0x0000000795580000,0x0000000795580000,0x0000000797380000)
  from space 13824K, 2% used [0x0000000797400000,0x0000000797450000,0x0000000798180000)
  to   space 14336K, 0% used [0x0000000798180000,0x0000000798180000,0x0000000798f80000)
 ParOldGen       total 87552K, used 22195K [0x0000000740000000, 0x0000000745580000, 0x0000000795580000)
  object space 87552K, 25% used [0x0000000740000000,0x00000007415ace98,0x0000000745580000)
 Metaspace       used 15284K, capacity 15478K, committed 15744K, reserved 1062912K
  class space    used 1775K, capacity 1829K, committed 1920K, reserved 1048576K
}

